

Started GET "/assets/rails.png" for 10.155.4.242 at 2013-02-27 11:39:03 -0800
Connecting to database specified by database.yml
Served asset /rails.png - 200 OK (3ms)


Started GET "/assets/rails.png" for 10.155.4.242 at 2013-02-27 11:52:24 -0800
Connecting to database specified by database.yml
Served asset /rails.png - 200 OK (1ms)


Started GET "/b/index" for 10.155.4.242 at 2013-02-27 11:53:07 -0800
Processing by TestController#b_index as HTML
  Rendered text template (0.0ms)
Completed 200 OK in 8ms (Views: 7.9ms | ActiveRecord: 0.0ms)


Started GET "/b/index" for 10.155.4.242 at 2013-02-27 11:54:18 -0800
Processing by TestController#b_index as HTML
  Rendered test/b_index.erb within layouts/application (3.4ms)
Compiled test.css  (5ms)  (pid 3917)
Compiled application.css  (24ms)  (pid 3917)
Compiled jquery.js  (1ms)  (pid 3917)
Compiled jquery_ujs.js  (0ms)  (pid 3917)
Compiled test.js  (157ms)  (pid 3917)
Compiled application.js  (202ms)  (pid 3917)
Completed 200 OK in 299ms (Views: 298.7ms | ActiveRecord: 0.0ms)


Started GET "/assets/application.css?body=1" for 10.155.4.242 at 2013-02-27 11:54:18 -0800
Served asset /application.css - 200 OK (2ms)


Started GET "/assets/test.css?body=1" for 10.155.4.242 at 2013-02-27 11:54:18 -0800
Served asset /test.css - 200 OK (1ms)


Started GET "/assets/jquery.js?body=1" for 10.155.4.242 at 2013-02-27 11:54:18 -0800
Served asset /jquery.js - 200 OK (6ms)


Started GET "/assets/test.js?body=1" for 10.155.4.242 at 2013-02-27 11:54:18 -0800
Served asset /test.js - 200 OK (1ms)


Started GET "/assets/application.js?body=1" for 10.155.4.242 at 2013-02-27 11:54:18 -0800
Served asset /application.js - 200 OK (23ms)


Started GET "/assets/jquery_ujs.js?body=1" for 10.155.4.242 at 2013-02-27 11:54:18 -0800
Served asset /jquery_ujs.js - 200 OK (1ms)


Started GET "/asset.js" for 10.155.4.242 at 2013-02-27 11:54:58 -0800
Processing by TestController#asset as HTML
Completed 200 OK in 0ms (Views: 0.1ms | ActiveRecord: 0.0ms)


Started GET "/asset.js" for 10.155.4.242 at 2013-02-27 11:55:21 -0800
Processing by TestController#asset as HTML
Completed 200 OK in 0ms (Views: 0.1ms | ActiveRecord: 0.0ms)


Started GET "/asset.js" for 10.155.4.242 at 2013-02-27 11:55:34 -0800
Processing by TestController#asset as HTML
Completed 200 OK in 0ms (Views: 0.1ms | ActiveRecord: 0.0ms)


Started GET "/b/index" for 10.155.4.242 at 2013-02-27 11:55:49 -0800
Processing by TestController#b_index as HTML
  Rendered test/b_index.erb within layouts/application (0.0ms)
Completed 200 OK in 5ms (Views: 4.5ms | ActiveRecord: 0.0ms)


Started GET "/assets/test.css?body=1" for 10.155.4.242 at 2013-02-27 11:55:49 -0800
Served asset /test.css - 304 Not Modified (0ms)


Started GET "/assets/test.js?body=1" for 10.155.4.242 at 2013-02-27 11:55:50 -0800
Served asset /test.js - 304 Not Modified (0ms)


Started GET "/b/index" for 10.155.4.242 at 2013-02-27 11:56:41 -0800
Connecting to database specified by database.yml
Processing by TestController#b_index as HTML
  Rendered test/b_index.erb within layouts/application (1.0ms)
Completed 200 OK in 16ms (Views: 15.5ms | ActiveRecord: 0.0ms)


Started GET "/assets/application.css?body=1" for 10.155.4.242 at 2013-02-27 11:56:42 -0800
Served asset /application.css - 304 Not Modified (2ms)


Started GET "/assets/test.css?body=1" for 10.155.4.242 at 2013-02-27 11:56:42 -0800
Served asset /test.css - 304 Not Modified (1ms)


Started GET "/assets/jquery.js?body=1" for 10.155.4.242 at 2013-02-27 11:56:42 -0800
Served asset /jquery.js - 304 Not Modified (2ms)


Started GET "/assets/jquery_ujs.js?body=1" for 10.155.4.242 at 2013-02-27 11:56:42 -0800
Served asset /jquery_ujs.js - 304 Not Modified (1ms)


Started GET "/assets/test.js?body=1" for 10.155.4.242 at 2013-02-27 11:56:42 -0800
Served asset /test.js - 304 Not Modified (1ms)


Started GET "/assets/application.js?body=1" for 10.155.4.242 at 2013-02-27 11:56:42 -0800
Served asset /application.js - 304 Not Modified (4ms)


Started GET "/b/index" for 10.155.4.242 at 2013-02-27 11:57:53 -0800
Connecting to database specified by database.yml
Processing by TestController#b_index as HTML
  Rendered test/b_index.erb within layouts/application (1.1ms)
Completed 200 OK in 16ms (Views: 15.6ms | ActiveRecord: 0.0ms)


Started GET "/assets/application.css?body=1" for 10.155.4.242 at 2013-02-27 11:57:53 -0800
Served asset /application.css - 304 Not Modified (2ms)


Started GET "/assets/test.css?body=1" for 10.155.4.242 at 2013-02-27 11:57:53 -0800
Served asset /test.css - 304 Not Modified (1ms)


Started GET "/assets/jquery.js?body=1" for 10.155.4.242 at 2013-02-27 11:57:53 -0800
Served asset /jquery.js - 304 Not Modified (1ms)


Started GET "/assets/jquery_ujs.js?body=1" for 10.155.4.242 at 2013-02-27 11:57:53 -0800
Served asset /jquery_ujs.js - 304 Not Modified (1ms)


Started GET "/assets/application.js?body=1" for 10.155.4.242 at 2013-02-27 11:57:53 -0800
Served asset /application.js - 304 Not Modified (3ms)


Started GET "/assets/test.js?body=1" for 10.155.4.242 at 2013-02-27 11:57:53 -0800
Served asset /test.js - 304 Not Modified (1ms)


Started GET "/asset.js" for 10.155.4.242 at 2013-02-27 11:57:53 -0800
Processing by TestController#asset as JS
Completed 200 OK in 0ms (Views: 0.1ms | ActiveRecord: 0.0ms)


Started GET "/b/index" for 10.155.4.242 at 2013-02-27 11:58:37 -0800
Processing by TestController#b_index as HTML
  Rendered test/b_index.erb within layouts/application (0.0ms)
Completed 200 OK in 3ms (Views: 2.8ms | ActiveRecord: 0.0ms)


Started GET "/assets/application.css?body=1" for 10.155.4.242 at 2013-02-27 11:58:37 -0800
Served asset /application.css - 200 OK (0ms)


Started GET "/assets/test.css?body=1" for 10.155.4.242 at 2013-02-27 11:58:37 -0800
Served asset /test.css - 200 OK (0ms)


Started GET "/asset.js" for 10.155.4.242 at 2013-02-27 11:58:37 -0800
Processing by TestController#asset as JS
Completed 200 OK in 0ms (Views: 0.1ms | ActiveRecord: 0.0ms)


Started GET "/assets/jquery.js?body=1" for 10.155.4.242 at 2013-02-27 11:58:37 -0800
Served asset /jquery.js - 200 OK (0ms)


Started GET "/assets/test.js?body=1" for 10.155.4.242 at 2013-02-27 11:58:37 -0800
Served asset /test.js - 200 OK (0ms)


Started GET "/assets/jquery_ujs.js?body=1" for 10.155.4.242 at 2013-02-27 11:58:37 -0800
Served asset /jquery_ujs.js - 200 OK (0ms)


Started GET "/assets/application.js?body=1" for 10.155.4.242 at 2013-02-27 11:58:37 -0800
Served asset /application.js - 200 OK (0ms)


Started GET "/b/index" for 10.155.4.242 at 2013-02-27 12:06:35 -0800
Processing by TestController#b_index as HTML
  Rendered test/b_index.erb within layouts/application (0.0ms)
Completed 200 OK in 3ms (Views: 2.7ms | ActiveRecord: 0.0ms)


Started GET "/assets/application.css?body=1" for 10.155.4.242 at 2013-02-27 12:06:35 -0800
Served asset /application.css - 200 OK (0ms)


Started GET "/assets/jquery_ujs.js?body=1" for 10.155.4.242 at 2013-02-27 12:06:35 -0800
Served asset /jquery_ujs.js - 200 OK (0ms)


Started GET "/asset.js" for 10.155.4.242 at 2013-02-27 12:06:35 -0800
Processing by TestController#asset as JS
Completed 200 OK in 0ms (Views: 0.1ms | ActiveRecord: 0.0ms)


Started GET "/assets/test.js?body=1" for 10.155.4.242 at 2013-02-27 12:06:35 -0800
Served asset /test.js - 200 OK (0ms)


Started GET "/assets/jquery.js?body=1" for 10.155.4.242 at 2013-02-27 12:06:35 -0800
Served asset /jquery.js - 200 OK (0ms)


Started GET "/assets/application.js?body=1" for 10.155.4.242 at 2013-02-27 12:06:35 -0800
Served asset /application.js - 200 OK (0ms)


Started GET "/assets/test.css?body=1" for 10.155.4.242 at 2013-02-27 12:06:35 -0800
Served asset /test.css - 200 OK (0ms)


Started GET "/b/index" for 10.155.4.242 at 2013-02-27 12:08:15 -0800
Processing by TestController#b_index as HTML
  Rendered test/b_index.erb within layouts/application (0.3ms)
Completed 200 OK in 4ms (Views: 4.1ms | ActiveRecord: 0.0ms)


Started GET "/assets/application.css?body=1" for 10.155.4.242 at 2013-02-27 12:08:15 -0800
Served asset /application.css - 200 OK (0ms)


Started GET "/assets/test.js?body=1" for 10.155.4.242 at 2013-02-27 12:08:15 -0800
Served asset /test.js - 200 OK (0ms)


Started GET "/assets/jquery_ujs.js?body=1" for 10.155.4.242 at 2013-02-27 12:08:15 -0800
Served asset /jquery_ujs.js - 200 OK (0ms)


Started GET "/assets/application.js?body=1" for 10.155.4.242 at 2013-02-27 12:08:15 -0800
Served asset /application.js - 200 OK (0ms)


Started GET "/assets/jquery.js?body=1" for 10.155.4.242 at 2013-02-27 12:08:15 -0800
Served asset /jquery.js - 200 OK (0ms)


Started GET "/asset.js" for 10.155.4.242 at 2013-02-27 12:08:15 -0800
Processing by TestController#asset as JS
Completed 200 OK in 0ms (Views: 0.1ms | ActiveRecord: 0.0ms)


Started GET "/assets/test.css?body=1" for 10.155.4.242 at 2013-02-27 12:08:15 -0800
Served asset /test.css - 200 OK (0ms)


Started GET "/b/index" for 10.155.4.242 at 2013-02-27 12:08:53 -0800
Processing by TestController#b_index as HTML
  Rendered test/b_index.erb within layouts/application (0.0ms)
Completed 200 OK in 3ms (Views: 3.1ms | ActiveRecord: 0.0ms)


Started GET "/assets/application.css?body=1" for 10.155.4.242 at 2013-02-27 12:08:53 -0800
Served asset /application.css - 304 Not Modified (0ms)


Started GET "/assets/test.js?body=1" for 10.155.4.242 at 2013-02-27 12:08:53 -0800
Served asset /test.js - 304 Not Modified (0ms)


Started GET "/assets/jquery_ujs.js?body=1" for 10.155.4.242 at 2013-02-27 12:08:53 -0800
Served asset /jquery_ujs.js - 304 Not Modified (0ms)


Started GET "/assets/application.js?body=1" for 10.155.4.242 at 2013-02-27 12:08:53 -0800
Served asset /application.js - 304 Not Modified (0ms)


Started GET "/assets/jquery.js?body=1" for 10.155.4.242 at 2013-02-27 12:08:53 -0800
Served asset /jquery.js - 304 Not Modified (0ms)


Started GET "/asset.js" for 10.155.4.242 at 2013-02-27 12:08:53 -0800
Processing by TestController#asset as JS
Completed 200 OK in 0ms (Views: 0.0ms | ActiveRecord: 0.0ms)


Started GET "/assets/test.css?body=1" for 10.155.4.242 at 2013-02-27 12:08:53 -0800
Served asset /test.css - 304 Not Modified (0ms)


Started GET "/b/index" for 10.155.4.242 at 2013-02-27 12:09:15 -0800
Processing by TestController#b_index as HTML
  Rendered test/b_index.erb within layouts/application (0.0ms)
Completed 200 OK in 3ms (Views: 2.9ms | ActiveRecord: 0.0ms)


Started GET "/assets/application.css?body=1" for 10.155.4.242 at 2013-02-27 12:09:15 -0800
Served asset /application.css - 304 Not Modified (0ms)


Started GET "/asset.js" for 10.155.4.242 at 2013-02-27 12:09:15 -0800
Processing by TestController#asset as JS
Completed 200 OK in 0ms (Views: 0.0ms | ActiveRecord: 0.0ms)


Started GET "/assets/test.css?body=1" for 10.155.4.242 at 2013-02-27 12:09:15 -0800
Served asset /test.css - 304 Not Modified (0ms)


Started GET "/assets/test.js?body=1" for 10.155.4.242 at 2013-02-27 12:09:15 -0800
Served asset /test.js - 304 Not Modified (0ms)


Started GET "/assets/application.js?body=1" for 10.155.4.242 at 2013-02-27 12:09:15 -0800
Served asset /application.js - 304 Not Modified (0ms)


Started GET "/assets/jquery.js?body=1" for 10.155.4.242 at 2013-02-27 12:09:15 -0800
Served asset /jquery.js - 304 Not Modified (0ms)


Started GET "/assets/jquery_ujs.js?body=1" for 10.155.4.242 at 2013-02-27 12:09:15 -0800
Served asset /jquery_ujs.js - 304 Not Modified (0ms)


Started GET "/b" for 10.155.4.242 at 2013-02-27 12:11:49 -0800
Connecting to database specified by database.yml
Processing by TestController#b_index as HTML
  Rendered test/b_index.erb within layouts/application (1.1ms)
Completed 200 OK in 17ms (Views: 16.7ms | ActiveRecord: 0.0ms)


Started GET "/assets/application.css?body=1" for 10.155.4.242 at 2013-02-27 12:11:49 -0800
Served asset /application.css - 200 OK (2ms)


Started GET "/asset.js" for 10.155.4.242 at 2013-02-27 12:11:49 -0800
Processing by TestController#asset as JS
Completed 200 OK in 0ms (Views: 0.1ms | ActiveRecord: 0.0ms)


Started GET "/assets/jquery_ujs.js?body=1" for 10.155.4.242 at 2013-02-27 12:11:49 -0800
Served asset /jquery_ujs.js - 200 OK (1ms)


Started GET "/assets/test.css?body=1" for 10.155.4.242 at 2013-02-27 12:11:49 -0800
Served asset /test.css - 200 OK (0ms)


Started GET "/assets/jquery.js?body=1" for 10.155.4.242 at 2013-02-27 12:11:49 -0800
Served asset /jquery.js - 200 OK (1ms)


Started GET "/assets/test.js?body=1" for 10.155.4.242 at 2013-02-27 12:11:49 -0800
Served asset /test.js - 200 OK (1ms)


Started GET "/assets/application.js?body=1" for 10.155.4.242 at 2013-02-27 12:11:49 -0800
Served asset /application.js - 200 OK (3ms)


Started GET "/b" for 10.155.4.242 at 2013-02-27 12:13:25 -0800
Processing by TestController#b_index as HTML
  Rendered test/b_index.erb within layouts/application (0.0ms)
Completed 200 OK in 3ms (Views: 2.9ms | ActiveRecord: 0.0ms)


Started GET "/assets/application.css?body=1" for 10.155.4.242 at 2013-02-27 12:13:25 -0800
Served asset /application.css - 200 OK (0ms)


Started GET "/assets/test.css?body=1" for 10.155.4.242 at 2013-02-27 12:13:25 -0800
Served asset /test.css - 200 OK (0ms)


Started GET "/asset.js" for 10.155.4.242 at 2013-02-27 12:13:25 -0800
Processing by TestController#asset as JS
Completed 200 OK in 0ms (Views: 0.1ms | ActiveRecord: 0.0ms)


Started GET "/assets/jquery_ujs.js?body=1" for 10.155.4.242 at 2013-02-27 12:13:25 -0800
Served asset /jquery_ujs.js - 200 OK (0ms)


Started GET "/assets/application.js?body=1" for 10.155.4.242 at 2013-02-27 12:13:25 -0800
Served asset /application.js - 200 OK (0ms)


Started GET "/assets/test.js?body=1" for 10.155.4.242 at 2013-02-27 12:13:25 -0800
Served asset /test.js - 200 OK (0ms)


Started GET "/assets/jquery.js?body=1" for 10.155.4.242 at 2013-02-27 12:13:25 -0800
Served asset /jquery.js - 200 OK (0ms)


Started GET "/b" for 10.155.4.242 at 2013-02-27 12:14:15 -0800
Processing by TestController#b_index as HTML
  Rendered test/b_index.erb within layouts/application (0.0ms)
Completed 200 OK in 3ms (Views: 2.8ms | ActiveRecord: 0.0ms)


Started GET "/assets/application.css?body=1" for 10.155.4.242 at 2013-02-27 12:14:15 -0800
Served asset /application.css - 200 OK (0ms)


Started GET "/assets/test.css?body=1" for 10.155.4.242 at 2013-02-27 12:14:15 -0800
Served asset /test.css - 200 OK (0ms)


Started GET "/assets/jquery_ujs.js?body=1" for 10.155.4.242 at 2013-02-27 12:14:15 -0800
Served asset /jquery_ujs.js - 200 OK (0ms)


Started GET "/assets/application.js?body=1" for 10.155.4.242 at 2013-02-27 12:14:15 -0800
Served asset /application.js - 200 OK (0ms)


Started GET "/assets/test.js?body=1" for 10.155.4.242 at 2013-02-27 12:14:15 -0800
Served asset /test.js - 200 OK (0ms)


Started GET "/assets/jquery.js?body=1" for 10.155.4.242 at 2013-02-27 12:14:15 -0800
Served asset /jquery.js - 200 OK (0ms)


Started GET "/asset.js" for 10.155.4.242 at 2013-02-27 12:14:15 -0800
Processing by TestController#asset as JS
Completed 200 OK in 0ms (Views: 0.0ms | ActiveRecord: 0.0ms)


Started GET "/b" for 10.155.4.242 at 2013-02-27 12:15:03 -0800
Processing by TestController#b_index as HTML
  Rendered test/b_index.erb within layouts/application (0.0ms)
Completed 200 OK in 3ms (Views: 2.5ms | ActiveRecord: 0.0ms)


Started GET "/asset.js" for 10.155.4.242 at 2013-02-27 12:15:03 -0800
Processing by TestController#asset as JS
Completed 200 OK in 0ms (Views: 0.0ms | ActiveRecord: 0.0ms)


Started GET "/b" for 10.155.4.242 at 2013-02-27 12:16:38 -0800
Processing by TestController#b_index as HTML
  Rendered test/b_index.erb within layouts/application (0.0ms)
Completed 200 OK in 3ms (Views: 3.0ms | ActiveRecord: 0.0ms)


Started GET "/asset.js" for 10.155.4.242 at 2013-02-27 12:16:38 -0800
Processing by TestController#asset as JS
Completed 200 OK in 0ms (Views: 0.0ms | ActiveRecord: 0.0ms)


Started GET "/b" for 10.155.4.242 at 2013-02-27 12:19:04 -0800
Processing by TestController#b_index as HTML
  Rendered test/b_index.erb within layouts/application (0.0ms)
Completed 200 OK in 3ms (Views: 3.2ms | ActiveRecord: 0.0ms)


Started GET "/assets/application.css?body=1" for 10.155.4.242 at 2013-02-27 12:19:04 -0800
Served asset /application.css - 200 OK (0ms)


Started GET "/assets/jquery_ujs.js?body=1" for 10.155.4.242 at 2013-02-27 12:19:04 -0800
Served asset /jquery_ujs.js - 200 OK (0ms)


Started GET "/asset.js" for 10.155.4.242 at 2013-02-27 12:19:04 -0800
Processing by TestController#asset as JS
Completed 200 OK in 0ms (Views: 0.0ms | ActiveRecord: 0.0ms)


Started GET "/assets/jquery.js?body=1" for 10.155.4.242 at 2013-02-27 12:19:04 -0800
Served asset /jquery.js - 200 OK (0ms)


Started GET "/assets/application.js?body=1" for 10.155.4.242 at 2013-02-27 12:19:04 -0800
Served asset /application.js - 200 OK (0ms)


Started GET "/assets/test.js?body=1" for 10.155.4.242 at 2013-02-27 12:19:04 -0800
Served asset /test.js - 200 OK (0ms)


Started GET "/assets/test.css?body=1" for 10.155.4.242 at 2013-02-27 12:19:04 -0800
Served asset /test.css - 200 OK (0ms)


Started GET "/b" for 10.155.4.242 at 2013-02-27 12:20:08 -0800
Processing by TestController#b_index as HTML
  Rendered test/b_index.erb within layouts/application (0.0ms)
Completed 200 OK in 3ms (Views: 3.0ms | ActiveRecord: 0.0ms)


Started GET "/asset.js" for 10.155.4.242 at 2013-02-27 12:20:08 -0800
Processing by TestController#asset as JS
Completed 200 OK in 0ms (Views: 0.0ms | ActiveRecord: 0.0ms)


Started GET "/b" for 10.155.4.242 at 2013-02-27 12:22:10 -0800
Processing by TestController#b_index as HTML
  Rendered test/b_index.erb within layouts/application (0.0ms)
Completed 200 OK in 3ms (Views: 3.0ms | ActiveRecord: 0.0ms)


Started GET "/assets/application.css?body=1" for 10.155.4.242 at 2013-02-27 12:22:10 -0800
Served asset /application.css - 304 Not Modified (0ms)


Started GET "/asset.js" for 10.155.4.242 at 2013-02-27 12:22:10 -0800
Processing by TestController#asset as JS
Completed 200 OK in 0ms (Views: 0.1ms | ActiveRecord: 0.0ms)


Started GET "/assets/jquery_ujs.js?body=1" for 10.155.4.242 at 2013-02-27 12:22:10 -0800
Served asset /jquery_ujs.js - 304 Not Modified (0ms)


Started GET "/assets/jquery.js?body=1" for 10.155.4.242 at 2013-02-27 12:22:10 -0800
Served asset /jquery.js - 304 Not Modified (0ms)


Started GET "/assets/application.js?body=1" for 10.155.4.242 at 2013-02-27 12:22:10 -0800
Served asset /application.js - 304 Not Modified (0ms)


Started GET "/assets/test.js?body=1" for 10.155.4.242 at 2013-02-27 12:22:10 -0800
Served asset /test.js - 304 Not Modified (0ms)


Started GET "/assets/test.css?body=1" for 10.155.4.242 at 2013-02-27 12:22:10 -0800
Served asset /test.css - 304 Not Modified (0ms)


Started GET "/a/b" for 10.155.4.242 at 2013-02-27 12:23:08 -0800
Processing by TestController#a_b_index as HTML
  Rendered text template (0.0ms)
Completed 200 OK in 2ms (Views: 1.4ms | ActiveRecord: 0.0ms)


Started GET "/b" for 10.155.4.242 at 2013-02-27 12:25:01 -0800
Processing by TestController#b_index as HTML
  Rendered test/b_index.erb within layouts/application (0.0ms)
Completed 200 OK in 3ms (Views: 2.8ms | ActiveRecord: 0.0ms)


Started GET "/assets/application.css?body=1" for 10.155.4.242 at 2013-02-27 12:25:01 -0800
Served asset /application.css - 200 OK (0ms)


Started GET "/asset.js" for 10.155.4.242 at 2013-02-27 12:25:01 -0800
Processing by TestController#asset as JS
Completed 200 OK in 0ms (Views: 0.1ms | ActiveRecord: 0.0ms)


Started GET "/assets/jquery.js?body=1" for 10.155.4.242 at 2013-02-27 12:25:01 -0800
Served asset /jquery.js - 200 OK (0ms)


Started GET "/assets/jquery_ujs.js?body=1" for 10.155.4.242 at 2013-02-27 12:25:01 -0800
Served asset /jquery_ujs.js - 200 OK (0ms)


Started GET "/assets/test.js?body=1" for 10.155.4.242 at 2013-02-27 12:25:01 -0800
Served asset /test.js - 200 OK (0ms)


Started GET "/assets/application.js?body=1" for 10.155.4.242 at 2013-02-27 12:25:01 -0800
Served asset /application.js - 200 OK (0ms)


Started GET "/assets/test.css?body=1" for 10.155.4.242 at 2013-02-27 12:25:01 -0800
Served asset /test.css - 200 OK (0ms)


Started GET "/a/b" for 10.155.4.242 at 2013-02-27 12:25:17 -0800
Processing by TestController#a_b_index as HTML
  Rendered text template (0.0ms)
Completed 200 OK in 0ms (Views: 0.2ms | ActiveRecord: 0.0ms)


Started GET "/b" for 10.155.4.242 at 2013-02-27 12:27:59 -0800
Processing by TestController#b_index as HTML
  Rendered test/b_index.erb within layouts/application (0.0ms)
Completed 200 OK in 3ms (Views: 2.9ms | ActiveRecord: 0.0ms)


Started GET "/assets/application.css?body=1" for 10.155.4.242 at 2013-02-27 12:27:59 -0800
Served asset /application.css - 200 OK (0ms)


Started GET "/assets/test.js?body=1" for 10.155.4.242 at 2013-02-27 12:27:59 -0800
Served asset /test.js - 200 OK (0ms)


Started GET "/assets/application.js?body=1" for 10.155.4.242 at 2013-02-27 12:27:59 -0800
Served asset /application.js - 200 OK (0ms)


Started GET "/asset.js" for 10.155.4.242 at 2013-02-27 12:27:59 -0800
Processing by TestController#asset as JS
Completed 200 OK in 0ms (Views: 0.1ms | ActiveRecord: 0.0ms)


Started GET "/assets/jquery.js?body=1" for 10.155.4.242 at 2013-02-27 12:27:59 -0800
Served asset /jquery.js - 200 OK (0ms)


Started GET "/assets/jquery_ujs.js?body=1" for 10.155.4.242 at 2013-02-27 12:27:59 -0800
Served asset /jquery_ujs.js - 200 OK (0ms)


Started GET "/assets/test.css?body=1" for 10.155.4.242 at 2013-02-27 12:27:59 -0800
Served asset /test.css - 200 OK (0ms)


Started GET "/a/b" for 10.155.4.242 at 2013-02-27 12:28:07 -0800
Processing by TestController#a_b_index as HTML
  Rendered text template (0.0ms)
Completed 200 OK in 0ms (Views: 0.2ms | ActiveRecord: 0.0ms)


Started GET "/b" for 10.155.4.242 at 2013-02-27 12:36:36 -0800
Connecting to database specified by database.yml
Processing by TestController#b_index as HTML
  Rendered test/b_index.erb within layouts/application (1.0ms)
Completed 200 OK in 16ms (Views: 15.6ms | ActiveRecord: 0.0ms)


Started GET "/assets/application.css?body=1" for 10.155.4.242 at 2013-02-27 12:36:36 -0800
Served asset /application.css - 200 OK (2ms)


Started GET "/assets/jquery_ujs.js?body=1" for 10.155.4.242 at 2013-02-27 12:36:36 -0800
Served asset /jquery_ujs.js - 200 OK (1ms)


Started GET "/assets/jquery.js?body=1" for 10.155.4.242 at 2013-02-27 12:36:36 -0800
Served asset /jquery.js - 200 OK (5ms)


Started GET "/assets/test.js?body=1" for 10.155.4.242 at 2013-02-27 12:36:36 -0800
Served asset /test.js - 200 OK (0ms)


Started GET "/asset.js" for 10.155.4.242 at 2013-02-27 12:36:36 -0800
Processing by TestController#asset as JS
Completed 200 OK in 0ms (Views: 0.1ms | ActiveRecord: 0.0ms)


Started GET "/assets/test.css?body=1" for 10.155.4.242 at 2013-02-27 12:36:36 -0800
Served asset /test.css - 200 OK (1ms)


Started GET "/asset.js" for 10.155.4.242 at 2013-02-27 12:36:36 -0800
Processing by TestController#asset as JS
Completed 200 OK in 0ms (Views: 0.0ms | ActiveRecord: 0.0ms)


Started GET "/assets/application.js?body=1" for 10.155.4.242 at 2013-02-27 12:36:36 -0800
Served asset /application.js - 200 OK (3ms)


Started GET "/safe" for 10.155.4.242 at 2013-02-27 12:37:21 -0800
Processing by TestController#safe as HTML
  Rendered text template (0.0ms)
Completed 200 OK in 2ms (Views: 1.4ms | ActiveRecord: 0.0ms)


Started GET "/b" for 10.155.4.242 at 2013-02-27 12:39:32 -0800
Connecting to database specified by database.yml
Processing by TestController#b_index as HTML
  Rendered test/b_index.erb within layouts/application (1.0ms)
Completed 200 OK in 16ms (Views: 15.4ms | ActiveRecord: 0.0ms)


Started GET "/assets/application.css?body=1" for 10.155.4.242 at 2013-02-27 12:39:32 -0800
Served asset /application.css - 200 OK (2ms)


Started GET "/asset.js" for 10.155.4.242 at 2013-02-27 12:39:32 -0800
Processing by TestController#asset as JS
Completed 500 Internal Server Error in 1ms

NoMethodError (undefined method `hostname' for #<ActionDispatch::Request:0x007f891433a438>):
  app/controllers/test_controller.rb:10:in `asset'


  Rendered /Users/nspeed/.rvm/gems/ruby-1.9.3-p194-falcon@consumer/gems/actionpack-3.2.12/lib/action_dispatch/middleware/templates/rescues/_trace.erb (1.0ms)
  Rendered /Users/nspeed/.rvm/gems/ruby-1.9.3-p194-falcon@consumer/gems/actionpack-3.2.12/lib/action_dispatch/middleware/templates/rescues/_request_and_response.erb (0.8ms)
  Rendered /Users/nspeed/.rvm/gems/ruby-1.9.3-p194-falcon@consumer/gems/actionpack-3.2.12/lib/action_dispatch/middleware/templates/rescues/diagnostics.erb within rescues/layout (9.3ms)


Started GET "/assets/jquery_ujs.js?body=1" for 10.155.4.242 at 2013-02-27 12:39:32 -0800
Served asset /jquery_ujs.js - 200 OK (2ms)


Started GET "/asset.js" for 10.155.4.242 at 2013-02-27 12:39:32 -0800
Processing by TestController#asset as JS
Completed 500 Internal Server Error in 1ms

NoMethodError (undefined method `hostname' for #<ActionDispatch::Request:0x007f89148b56b0>):
  app/controllers/test_controller.rb:10:in `asset'


  Rendered /Users/nspeed/.rvm/gems/ruby-1.9.3-p194-falcon@consumer/gems/actionpack-3.2.12/lib/action_dispatch/middleware/templates/rescues/_trace.erb (0.9ms)
  Rendered /Users/nspeed/.rvm/gems/ruby-1.9.3-p194-falcon@consumer/gems/actionpack-3.2.12/lib/action_dispatch/middleware/templates/rescues/_request_and_response.erb (0.6ms)
  Rendered /Users/nspeed/.rvm/gems/ruby-1.9.3-p194-falcon@consumer/gems/actionpack-3.2.12/lib/action_dispatch/middleware/templates/rescues/diagnostics.erb within rescues/layout (20.3ms)


Started GET "/assets/test.js?body=1" for 10.155.4.242 at 2013-02-27 12:39:32 -0800
Served asset /test.js - 200 OK (1ms)


Started GET "/assets/application.js?body=1" for 10.155.4.242 at 2013-02-27 12:39:32 -0800
Served asset /application.js - 200 OK (3ms)


Started GET "/assets/jquery.js?body=1" for 10.155.4.242 at 2013-02-27 12:39:32 -0800
Served asset /jquery.js - 200 OK (1ms)


Started GET "/assets/test.css?body=1" for 10.155.4.242 at 2013-02-27 12:39:32 -0800
Served asset /test.css - 200 OK (1ms)


Started GET "/b" for 10.155.4.242 at 2013-02-27 12:40:51 -0800
Connecting to database specified by database.yml
Processing by TestController#b_index as HTML
  Rendered test/b_index.erb within layouts/application (1.0ms)
Completed 200 OK in 16ms (Views: 16.0ms | ActiveRecord: 0.0ms)


Started GET "/assets/application.css?body=1" for 10.155.4.242 at 2013-02-27 12:40:52 -0800
Served asset /application.css - 304 Not Modified (17ms)


Started GET "/assets/test.css?body=1" for 10.155.4.242 at 2013-02-27 12:40:52 -0800
Served asset /test.css - 200 OK (3ms)


Started GET "/asset.js" for 10.155.4.242 at 2013-02-27 12:40:52 -0800
Processing by TestController#asset as JS
Completed 200 OK in 0ms (Views: 0.1ms | ActiveRecord: 0.0ms)


Started GET "/asset.js" for 10.155.4.242 at 2013-02-27 12:40:52 -0800
Processing by TestController#asset as JS
Completed 200 OK in 0ms (Views: 0.0ms | ActiveRecord: 0.0ms)


Started GET "/assets/application.js?body=1" for 10.155.4.242 at 2013-02-27 12:40:52 -0800
Served asset /application.js - 304 Not Modified (3ms)


Started GET "/assets/test.js?body=1" for 10.155.4.242 at 2013-02-27 12:40:52 -0800
Served asset /test.js - 304 Not Modified (1ms)


Started GET "/assets/jquery_ujs.js?body=1" for 10.155.4.242 at 2013-02-27 12:40:52 -0800
Served asset /jquery_ujs.js - 304 Not Modified (2ms)


Started GET "/assets/jquery.js?body=1" for 10.155.4.242 at 2013-02-27 12:40:52 -0800
Served asset /jquery.js - 304 Not Modified (2ms)


Started GET "/b" for 10.155.4.242 at 2013-02-27 12:41:15 -0800
Processing by TestController#b_index as HTML
  Rendered test/b_index.erb within layouts/application (0.0ms)
Completed 200 OK in 3ms (Views: 3.1ms | ActiveRecord: 0.0ms)


Started GET "/assets/application.css?body=1" for 10.155.4.242 at 2013-02-27 12:41:15 -0800
Served asset /application.css - 200 OK (0ms)


Started GET "/asset.js" for 10.155.4.242 at 2013-02-27 12:41:15 -0800
Processing by TestController#asset as JS
Completed 200 OK in 0ms (Views: 0.1ms | ActiveRecord: 0.0ms)


Started GET "/asset.js" for 10.155.4.242 at 2013-02-27 12:41:15 -0800
Processing by TestController#asset as JS
Completed 200 OK in 0ms (Views: 0.1ms | ActiveRecord: 0.0ms)


Started GET "/assets/jquery.js?body=1" for 10.155.4.242 at 2013-02-27 12:41:15 -0800
Served asset /jquery.js - 200 OK (0ms)


Started GET "/assets/test.css?body=1" for 10.155.4.242 at 2013-02-27 12:41:15 -0800
Served asset /test.css - 200 OK (0ms)


Started GET "/assets/jquery_ujs.js?body=1" for 10.155.4.242 at 2013-02-27 12:41:15 -0800
Served asset /jquery_ujs.js - 200 OK (0ms)


Started GET "/assets/application.js?body=1" for 10.155.4.242 at 2013-02-27 12:41:15 -0800
Served asset /application.js - 200 OK (0ms)


Started GET "/assets/test.js?body=1" for 10.155.4.242 at 2013-02-27 12:41:15 -0800
Served asset /test.js - 200 OK (0ms)


Started GET "/safe" for 10.155.4.242 at 2013-02-27 12:41:59 -0800
Processing by TestController#safe as HTML
  Rendered text template (0.0ms)
Completed 200 OK in 2ms (Views: 1.3ms | ActiveRecord: 0.0ms)


Started GET "/safe" for 10.155.4.242 at 2013-02-27 12:42:19 -0800
Processing by TestController#safe as HTML
  Rendered text template (0.0ms)
Completed 200 OK in 0ms (Views: 0.3ms | ActiveRecord: 0.0ms)


Started GET "/b" for 10.155.4.242 at 2013-02-27 12:45:43 -0800
Processing by TestController#b_index as HTML
  Rendered test/b_index.erb within layouts/application (0.0ms)
Completed 200 OK in 3ms (Views: 3.1ms | ActiveRecord: 0.0ms)


Started GET "/asset.js" for 10.155.4.242 at 2013-02-27 12:45:43 -0800
Processing by TestController#asset as JS
Completed 200 OK in 0ms (Views: 0.1ms | ActiveRecord: 0.0ms)


Started GET "/asset.js" for 10.155.4.242 at 2013-02-27 12:45:43 -0800
Processing by TestController#asset as JS
Completed 200 OK in 0ms (Views: 0.0ms | ActiveRecord: 0.0ms)


Started GET "/visit" for 10.155.4.242 at 2013-02-27 12:45:56 -0800

ActionController::RoutingError (No route matches [GET] "/visit"):
  actionpack (3.2.12) lib/action_dispatch/middleware/debug_exceptions.rb:21:in `call'
  actionpack (3.2.12) lib/action_dispatch/middleware/show_exceptions.rb:56:in `call'
  railties (3.2.12) lib/rails/rack/logger.rb:32:in `call_app'
  railties (3.2.12) lib/rails/rack/logger.rb:16:in `block in call'
  activesupport (3.2.12) lib/active_support/tagged_logging.rb:22:in `tagged'
  railties (3.2.12) lib/rails/rack/logger.rb:16:in `call'
  actionpack (3.2.12) lib/action_dispatch/middleware/request_id.rb:22:in `call'
  rack (1.4.5) lib/rack/methodoverride.rb:21:in `call'
  rack (1.4.5) lib/rack/runtime.rb:17:in `call'
  activesupport (3.2.12) lib/active_support/cache/strategy/local_cache.rb:72:in `call'
  rack (1.4.5) lib/rack/lock.rb:15:in `call'
  actionpack (3.2.12) lib/action_dispatch/middleware/static.rb:62:in `call'
  railties (3.2.12) lib/rails/engine.rb:479:in `call'
  railties (3.2.12) lib/rails/application.rb:223:in `call'
  rack (1.4.5) lib/rack/content_length.rb:14:in `call'
  railties (3.2.12) lib/rails/rack/log_tailer.rb:17:in `call'
  rack (1.4.5) lib/rack/handler/webrick.rb:59:in `service'
  /Users/nspeed/.rvm/rubies/ruby-1.9.3-p194-falcon/lib/ruby/1.9.1/webrick/httpserver.rb:138:in `service'
  /Users/nspeed/.rvm/rubies/ruby-1.9.3-p194-falcon/lib/ruby/1.9.1/webrick/httpserver.rb:94:in `run'
  /Users/nspeed/.rvm/rubies/ruby-1.9.3-p194-falcon/lib/ruby/1.9.1/webrick/server.rb:191:in `block in start_thread'


  Rendered /Users/nspeed/.rvm/gems/ruby-1.9.3-p194-falcon@consumer/gems/actionpack-3.2.12/lib/action_dispatch/middleware/templates/rescues/routing_error.erb within rescues/layout (0.5ms)


Started GET "/safe" for 10.155.4.242 at 2013-02-27 12:46:05 -0800

AbstractController::ActionNotFound (The action 'safe' could not be found for TestController):
  actionpack (3.2.12) lib/abstract_controller/base.rb:116:in `process'
  actionpack (3.2.12) lib/abstract_controller/rendering.rb:45:in `process'
  actionpack (3.2.12) lib/action_controller/metal.rb:203:in `dispatch'
  actionpack (3.2.12) lib/action_controller/metal/rack_delegation.rb:14:in `dispatch'
  actionpack (3.2.12) lib/action_controller/metal.rb:246:in `block in action'
  actionpack (3.2.12) lib/action_dispatch/routing/route_set.rb:73:in `call'
  actionpack (3.2.12) lib/action_dispatch/routing/route_set.rb:73:in `dispatch'
  actionpack (3.2.12) lib/action_dispatch/routing/route_set.rb:36:in `call'
  journey (1.0.4) lib/journey/router.rb:68:in `block in call'
  journey (1.0.4) lib/journey/router.rb:56:in `each'
  journey (1.0.4) lib/journey/router.rb:56:in `call'
  actionpack (3.2.12) lib/action_dispatch/routing/route_set.rb:601:in `call'
  actionpack (3.2.12) lib/action_dispatch/middleware/best_standards_support.rb:17:in `call'
  rack (1.4.5) lib/rack/etag.rb:23:in `call'
  rack (1.4.5) lib/rack/conditionalget.rb:25:in `call'
  actionpack (3.2.12) lib/action_dispatch/middleware/head.rb:14:in `call'
  actionpack (3.2.12) lib/action_dispatch/middleware/params_parser.rb:21:in `call'
  actionpack (3.2.12) lib/action_dispatch/middleware/flash.rb:242:in `call'
  rack (1.4.5) lib/rack/session/abstract/id.rb:210:in `context'
  rack (1.4.5) lib/rack/session/abstract/id.rb:205:in `call'
  actionpack (3.2.12) lib/action_dispatch/middleware/cookies.rb:341:in `call'
  activerecord (3.2.12) lib/active_record/query_cache.rb:64:in `call'
  activerecord (3.2.12) lib/active_record/connection_adapters/abstract/connection_pool.rb:479:in `call'
  actionpack (3.2.12) lib/action_dispatch/middleware/callbacks.rb:28:in `block in call'
  activesupport (3.2.12) lib/active_support/callbacks.rb:405:in `_run__101690654437513042__call__3157308038609183292__callbacks'
  activesupport (3.2.12) lib/active_support/callbacks.rb:405:in `__run_callback'
  activesupport (3.2.12) lib/active_support/callbacks.rb:385:in `_run_call_callbacks'
  activesupport (3.2.12) lib/active_support/callbacks.rb:81:in `run_callbacks'
  actionpack (3.2.12) lib/action_dispatch/middleware/callbacks.rb:27:in `call'
  actionpack (3.2.12) lib/action_dispatch/middleware/reloader.rb:65:in `call'
  actionpack (3.2.12) lib/action_dispatch/middleware/remote_ip.rb:31:in `call'
  actionpack (3.2.12) lib/action_dispatch/middleware/debug_exceptions.rb:16:in `call'
  actionpack (3.2.12) lib/action_dispatch/middleware/show_exceptions.rb:56:in `call'
  railties (3.2.12) lib/rails/rack/logger.rb:32:in `call_app'
  railties (3.2.12) lib/rails/rack/logger.rb:16:in `block in call'
  activesupport (3.2.12) lib/active_support/tagged_logging.rb:22:in `tagged'
  railties (3.2.12) lib/rails/rack/logger.rb:16:in `call'
  actionpack (3.2.12) lib/action_dispatch/middleware/request_id.rb:22:in `call'
  rack (1.4.5) lib/rack/methodoverride.rb:21:in `call'
  rack (1.4.5) lib/rack/runtime.rb:17:in `call'
  activesupport (3.2.12) lib/active_support/cache/strategy/local_cache.rb:72:in `call'
  rack (1.4.5) lib/rack/lock.rb:15:in `call'
  actionpack (3.2.12) lib/action_dispatch/middleware/static.rb:62:in `call'
  railties (3.2.12) lib/rails/engine.rb:479:in `call'
  railties (3.2.12) lib/rails/application.rb:223:in `call'
  rack (1.4.5) lib/rack/content_length.rb:14:in `call'
  railties (3.2.12) lib/rails/rack/log_tailer.rb:17:in `call'
  rack (1.4.5) lib/rack/handler/webrick.rb:59:in `service'
  /Users/nspeed/.rvm/rubies/ruby-1.9.3-p194-falcon/lib/ruby/1.9.1/webrick/httpserver.rb:138:in `service'
  /Users/nspeed/.rvm/rubies/ruby-1.9.3-p194-falcon/lib/ruby/1.9.1/webrick/httpserver.rb:94:in `run'
  /Users/nspeed/.rvm/rubies/ruby-1.9.3-p194-falcon/lib/ruby/1.9.1/webrick/server.rb:191:in `block in start_thread'


  Rendered /Users/nspeed/.rvm/gems/ruby-1.9.3-p194-falcon@consumer/gems/actionpack-3.2.12/lib/action_dispatch/middleware/templates/rescues/unknown_action.erb within rescues/layout (0.3ms)


Started GET "/b" for 10.155.4.242 at 2013-02-27 12:46:59 -0800
Connecting to database specified by database.yml
Processing by TestController#b_index as HTML
  Rendered test/b_index.erb within layouts/application (1.5ms)
Completed 200 OK in 23ms (Views: 22.4ms | ActiveRecord: 0.0ms)


Started GET "/assets/test.css?body=1" for 10.155.4.242 at 2013-02-27 12:47:00 -0800
Served asset /test.css - 200 OK (1ms)


Started GET "/assets/test.js?body=1" for 10.155.4.242 at 2013-02-27 12:47:00 -0800
Served asset /test.js - 200 OK (0ms)


Started GET "/assets/application.js?body=1" for 10.155.4.242 at 2013-02-27 12:47:00 -0800
Served asset /application.js - 200 OK (3ms)


Started GET "/assets/jquery_ujs.js?body=1" for 10.155.4.242 at 2013-02-27 12:47:00 -0800
Served asset /jquery_ujs.js - 200 OK (2ms)


Started GET "/assets/jquery.js?body=1" for 10.155.4.242 at 2013-02-27 12:47:00 -0800
Served asset /jquery.js - 200 OK (16ms)


Started GET "/asset.js" for 10.155.4.242 at 2013-02-27 12:47:00 -0800
Processing by TestController#asset as JS
Completed 200 OK in 1ms (Views: 0.1ms | ActiveRecord: 0.0ms)


Started GET "/asset.js" for 10.155.4.242 at 2013-02-27 12:47:00 -0800
Processing by TestController#asset as JS
Completed 200 OK in 0ms (Views: 0.0ms | ActiveRecord: 0.0ms)


Started GET "/assets/application.css?body=1" for 10.155.4.242 at 2013-02-27 12:47:00 -0800
Served asset /application.css - 200 OK (2ms)


Started GET "/visit" for 10.155.4.242 at 2013-02-27 12:47:32 -0800

ActionController::RoutingError (No route matches [GET] "/visit"):
  actionpack (3.2.12) lib/action_dispatch/middleware/debug_exceptions.rb:21:in `call'
  actionpack (3.2.12) lib/action_dispatch/middleware/show_exceptions.rb:56:in `call'
  railties (3.2.12) lib/rails/rack/logger.rb:32:in `call_app'
  railties (3.2.12) lib/rails/rack/logger.rb:16:in `block in call'
  activesupport (3.2.12) lib/active_support/tagged_logging.rb:22:in `tagged'
  railties (3.2.12) lib/rails/rack/logger.rb:16:in `call'
  actionpack (3.2.12) lib/action_dispatch/middleware/request_id.rb:22:in `call'
  rack (1.4.5) lib/rack/methodoverride.rb:21:in `call'
  rack (1.4.5) lib/rack/runtime.rb:17:in `call'
  activesupport (3.2.12) lib/active_support/cache/strategy/local_cache.rb:72:in `call'
  rack (1.4.5) lib/rack/lock.rb:15:in `call'
  actionpack (3.2.12) lib/action_dispatch/middleware/static.rb:62:in `call'
  railties (3.2.12) lib/rails/engine.rb:479:in `call'
  railties (3.2.12) lib/rails/application.rb:223:in `call'
  rack (1.4.5) lib/rack/content_length.rb:14:in `call'
  railties (3.2.12) lib/rails/rack/log_tailer.rb:17:in `call'
  rack (1.4.5) lib/rack/handler/webrick.rb:59:in `service'
  /Users/nspeed/.rvm/rubies/ruby-1.9.3-p194-falcon/lib/ruby/1.9.1/webrick/httpserver.rb:138:in `service'
  /Users/nspeed/.rvm/rubies/ruby-1.9.3-p194-falcon/lib/ruby/1.9.1/webrick/httpserver.rb:94:in `run'
  /Users/nspeed/.rvm/rubies/ruby-1.9.3-p194-falcon/lib/ruby/1.9.1/webrick/server.rb:191:in `block in start_thread'


  Rendered /Users/nspeed/.rvm/gems/ruby-1.9.3-p194-falcon@consumer/gems/actionpack-3.2.12/lib/action_dispatch/middleware/templates/rescues/routing_error.erb within rescues/layout (0.7ms)


Started GET "/b" for 10.155.4.242 at 2013-02-27 12:48:19 -0800
Connecting to database specified by database.yml
Processing by TestController#b_index as HTML
  Rendered test/b_index.erb within layouts/application (1.1ms)
Completed 200 OK in 16ms (Views: 15.9ms | ActiveRecord: 0.0ms)


Started GET "/assets/application.css?body=1" for 10.155.4.242 at 2013-02-27 12:48:19 -0800
Served asset /application.css - 200 OK (1ms)


Started GET "/asset.js" for 10.155.4.242 at 2013-02-27 12:48:19 -0800
Processing by TestController#asset as JS
Completed 200 OK in 0ms (Views: 0.1ms | ActiveRecord: 0.0ms)


Started GET "/assets/jquery_ujs.js?body=1" for 10.155.4.242 at 2013-02-27 12:48:19 -0800
Served asset /jquery_ujs.js - 200 OK (1ms)


Started GET "/assets/test.js?body=1" for 10.155.4.242 at 2013-02-27 12:48:19 -0800
Served asset /test.js - 200 OK (0ms)


Started GET "/assets/jquery.js?body=1" for 10.155.4.242 at 2013-02-27 12:48:19 -0800
Served asset /jquery.js - 200 OK (1ms)


Started GET "/assets/application.js?body=1" for 10.155.4.242 at 2013-02-27 12:48:19 -0800
Served asset /application.js - 200 OK (3ms)


Started GET "/assets/test.css?body=1" for 10.155.4.242 at 2013-02-27 12:48:19 -0800
Served asset /test.css - 200 OK (1ms)


Started GET "/asset.js" for 10.155.4.242 at 2013-02-27 12:48:19 -0800
Processing by TestController#asset as JS
Completed 200 OK in 0ms (Views: 0.1ms | ActiveRecord: 0.0ms)


Started GET "/visit" for 10.155.4.242 at 2013-02-27 12:48:46 -0800
Processing by TestController#visit as HTML
  Rendered text template (0.0ms)
Completed 200 OK in 2ms (Views: 1.9ms | ActiveRecord: 0.0ms)


Started GET "/visit" for 10.155.4.242 at 2013-02-27 12:49:03 -0800
Processing by TestController#visit as HTML
  Rendered text template (0.0ms)
Completed 200 OK in 0ms (Views: 0.3ms | ActiveRecord: 0.0ms)


Started GET "/b" for 10.155.4.242 at 2013-02-27 12:49:17 -0800
Processing by TestController#b_index as HTML
  Rendered test/b_index.erb within layouts/application (0.0ms)
Completed 200 OK in 3ms (Views: 3.2ms | ActiveRecord: 0.0ms)


Started GET "/asset.js" for 10.155.4.242 at 2013-02-27 12:49:17 -0800
Processing by TestController#asset as JS
Completed 200 OK in 0ms (Views: 0.1ms | ActiveRecord: 0.0ms)


Started GET "/asset.js" for 10.155.4.242 at 2013-02-27 12:49:17 -0800
Processing by TestController#asset as JS
Completed 200 OK in 0ms (Views: 0.0ms | ActiveRecord: 0.0ms)


Started GET "/visit" for 10.155.4.242 at 2013-02-27 12:49:28 -0800
Processing by TestController#visit as HTML
  Rendered text template (0.0ms)
Completed 200 OK in 0ms (Views: 0.2ms | ActiveRecord: 0.0ms)


Started GET "/visit" for 10.155.4.242 at 2013-02-27 12:51:46 -0800
Processing by TestController#visit as HTML
  Rendered text template (0.0ms)
Completed 200 OK in 0ms (Views: 0.2ms | ActiveRecord: 0.0ms)


Started GET "/b" for 10.155.4.242 at 2013-02-27 12:51:55 -0800
Processing by TestController#b_index as HTML
  Rendered test/b_index.erb within layouts/application (0.0ms)
Completed 200 OK in 3ms (Views: 3.0ms | ActiveRecord: 0.0ms)


Started GET "/assets/application.css?body=1" for 10.155.4.242 at 2013-02-27 12:51:55 -0800
Served asset /application.css - 200 OK (0ms)


Started GET "/asset.js" for 10.155.4.242 at 2013-02-27 12:51:55 -0800
Processing by TestController#asset as JS
Completed 200 OK in 0ms (Views: 0.1ms | ActiveRecord: 0.0ms)


Started GET "/assets/test.js?body=1" for 10.155.4.242 at 2013-02-27 12:51:55 -0800
Served asset /test.js - 200 OK (0ms)


Started GET "/assets/jquery.js?body=1" for 10.155.4.242 at 2013-02-27 12:51:55 -0800
Served asset /jquery.js - 200 OK (0ms)


Started GET "/assets/jquery_ujs.js?body=1" for 10.155.4.242 at 2013-02-27 12:51:55 -0800
Served asset /jquery_ujs.js - 200 OK (0ms)


Started GET "/assets/application.js?body=1" for 10.155.4.242 at 2013-02-27 12:51:55 -0800
Served asset /application.js - 200 OK (0ms)


Started GET "/asset.js" for 10.155.4.242 at 2013-02-27 12:51:55 -0800
Processing by TestController#asset as JS
Completed 200 OK in 0ms (Views: 0.0ms | ActiveRecord: 0.0ms)


Started GET "/assets/test.css?body=1" for 10.155.4.242 at 2013-02-27 12:51:55 -0800
Served asset /test.css - 200 OK (0ms)


Started GET "/c" for 10.155.4.242 at 2013-02-27 12:52:07 -0800

ActionController::RoutingError (No route matches [GET] "/c"):
  actionpack (3.2.12) lib/action_dispatch/middleware/debug_exceptions.rb:21:in `call'
  actionpack (3.2.12) lib/action_dispatch/middleware/show_exceptions.rb:56:in `call'
  railties (3.2.12) lib/rails/rack/logger.rb:32:in `call_app'
  railties (3.2.12) lib/rails/rack/logger.rb:16:in `block in call'
  activesupport (3.2.12) lib/active_support/tagged_logging.rb:22:in `tagged'
  railties (3.2.12) lib/rails/rack/logger.rb:16:in `call'
  actionpack (3.2.12) lib/action_dispatch/middleware/request_id.rb:22:in `call'
  rack (1.4.5) lib/rack/methodoverride.rb:21:in `call'
  rack (1.4.5) lib/rack/runtime.rb:17:in `call'
  activesupport (3.2.12) lib/active_support/cache/strategy/local_cache.rb:72:in `call'
  rack (1.4.5) lib/rack/lock.rb:15:in `call'
  actionpack (3.2.12) lib/action_dispatch/middleware/static.rb:62:in `call'
  railties (3.2.12) lib/rails/engine.rb:479:in `call'
  railties (3.2.12) lib/rails/application.rb:223:in `call'
  rack (1.4.5) lib/rack/content_length.rb:14:in `call'
  railties (3.2.12) lib/rails/rack/log_tailer.rb:17:in `call'
  rack (1.4.5) lib/rack/handler/webrick.rb:59:in `service'
  /Users/nspeed/.rvm/rubies/ruby-1.9.3-p194-falcon/lib/ruby/1.9.1/webrick/httpserver.rb:138:in `service'
  /Users/nspeed/.rvm/rubies/ruby-1.9.3-p194-falcon/lib/ruby/1.9.1/webrick/httpserver.rb:94:in `run'
  /Users/nspeed/.rvm/rubies/ruby-1.9.3-p194-falcon/lib/ruby/1.9.1/webrick/server.rb:191:in `block in start_thread'


  Rendered /Users/nspeed/.rvm/gems/ruby-1.9.3-p194-falcon@consumer/gems/actionpack-3.2.12/lib/action_dispatch/middleware/templates/rescues/routing_error.erb within rescues/layout (0.5ms)


Started GET "/visit" for 10.155.4.242 at 2013-02-27 12:52:11 -0800
Processing by TestController#visit as HTML
  Rendered text template (0.0ms)
Completed 200 OK in 0ms (Views: 0.3ms | ActiveRecord: 0.0ms)


Started GET "/b" for 10.155.4.242 at 2013-02-27 13:34:30 -0800
Processing by TestController#b_index as HTML
  Rendered test/b_index.erb within layouts/application (0.0ms)
Completed 200 OK in 4ms (Views: 3.4ms | ActiveRecord: 0.0ms)


Started GET "/assets/application.css?body=1" for 10.155.4.242 at 2013-02-27 13:34:30 -0800
Served asset /application.css - 200 OK (0ms)


Started GET "/assets/test.css?body=1" for 10.155.4.242 at 2013-02-27 13:34:30 -0800
Served asset /test.css - 200 OK (0ms)


Started GET "/asset.js" for 10.155.4.242 at 2013-02-27 13:34:30 -0800
Processing by TestController#asset as JS
Completed 200 OK in 0ms (Views: 0.2ms | ActiveRecord: 0.0ms)


Started GET "/asset.js" for 10.155.4.242 at 2013-02-27 13:34:30 -0800
Processing by TestController#asset as JS
Completed 200 OK in 0ms (Views: 0.1ms | ActiveRecord: 0.0ms)


Started GET "/assets/jquery_ujs.js?body=1" for 10.155.4.242 at 2013-02-27 13:34:30 -0800
Served asset /jquery_ujs.js - 200 OK (0ms)


Started GET "/assets/jquery.js?body=1" for 10.155.4.242 at 2013-02-27 13:34:30 -0800
Served asset /jquery.js - 200 OK (0ms)


Started GET "/assets/test.js?body=1" for 10.155.4.242 at 2013-02-27 13:34:30 -0800
Served asset /test.js - 200 OK (0ms)


Started GET "/assets/application.js?body=1" for 10.155.4.242 at 2013-02-27 13:34:30 -0800
Served asset /application.js - 200 OK (0ms)


Started GET "/visit" for 10.155.4.242 at 2013-02-27 13:34:53 -0800
Processing by TestController#visit as HTML
  Rendered text template (0.0ms)
Completed 200 OK in 0ms (Views: 0.2ms | ActiveRecord: 0.0ms)


Started GET "/visit" for 10.155.4.242 at 2013-02-27 13:35:24 -0800
Processing by TestController#visit as HTML
  Rendered text template (0.0ms)
Completed 200 OK in 0ms (Views: 0.2ms | ActiveRecord: 0.0ms)


Started GET "/b" for 10.155.4.242 at 2013-02-27 13:36:00 -0800
Processing by TestController#b_index as HTML
  Rendered test/b_index.erb within layouts/application (0.0ms)
Completed 200 OK in 3ms (Views: 2.6ms | ActiveRecord: 0.0ms)


Started GET "/asset.js" for 10.155.4.242 at 2013-02-27 13:36:00 -0800
Processing by TestController#asset as JS
Completed 200 OK in 0ms (Views: 0.0ms | ActiveRecord: 0.0ms)


Started GET "/asset.js" for 10.155.4.242 at 2013-02-27 13:36:00 -0800
Processing by TestController#asset as JS
Completed 200 OK in 0ms (Views: 0.0ms | ActiveRecord: 0.0ms)


Started GET "/visit" for 10.155.4.242 at 2013-02-27 13:36:16 -0800
Processing by TestController#visit as HTML
  Rendered text template (0.0ms)
Completed 200 OK in 0ms (Views: 0.2ms | ActiveRecord: 0.0ms)


Started GET "/visit" for 10.155.4.242 at 2013-02-27 13:36:22 -0800
Processing by TestController#visit as HTML
  Rendered text template (0.0ms)
Completed 200 OK in 0ms (Views: 0.2ms | ActiveRecord: 0.0ms)


Started GET "/visit" for 10.155.4.242 at 2013-02-27 13:37:49 -0800
Processing by TestController#visit as HTML
  Rendered text template (0.0ms)
Completed 200 OK in 0ms (Views: 0.2ms | ActiveRecord: 0.0ms)


Started GET "/b" for 10.155.4.242 at 2013-02-27 13:38:00 -0800
Processing by TestController#b_index as HTML
  Rendered test/b_index.erb within layouts/application (0.0ms)
Completed 200 OK in 3ms (Views: 3.0ms | ActiveRecord: 0.0ms)


Started GET "/assets/application.css?body=1" for 10.155.4.242 at 2013-02-27 13:38:00 -0800
Served asset /application.css - 200 OK (0ms)


Started GET "/asset.js" for 10.155.4.242 at 2013-02-27 13:38:00 -0800
Processing by TestController#asset as JS
Completed 200 OK in 0ms (Views: 0.0ms | ActiveRecord: 0.0ms)


Started GET "/assets/test.css?body=1" for 10.155.4.242 at 2013-02-27 13:38:00 -0800
Served asset /test.css - 200 OK (0ms)


Started GET "/asset.js" for 10.155.4.242 at 2013-02-27 13:38:00 -0800
Processing by TestController#asset as JS
Completed 200 OK in 0ms (Views: 0.0ms | ActiveRecord: 0.0ms)


Started GET "/assets/jquery.js?body=1" for 10.155.4.242 at 2013-02-27 13:38:00 -0800
Served asset /jquery.js - 200 OK (0ms)


Started GET "/assets/jquery_ujs.js?body=1" for 10.155.4.242 at 2013-02-27 13:38:00 -0800
Served asset /jquery_ujs.js - 200 OK (0ms)


Started GET "/assets/test.js?body=1" for 10.155.4.242 at 2013-02-27 13:38:00 -0800
Served asset /test.js - 200 OK (0ms)


Started GET "/assets/application.js?body=1" for 10.155.4.242 at 2013-02-27 13:38:00 -0800
Served asset /application.js - 200 OK (0ms)


Started GET "/visit" for 10.155.4.242 at 2013-02-27 13:38:09 -0800
Processing by TestController#visit as HTML
  Rendered text template (0.0ms)
Completed 200 OK in 0ms (Views: 0.2ms | ActiveRecord: 0.0ms)


Started GET "/visit" for 10.155.4.242 at 2013-02-27 13:38:24 -0800
Processing by TestController#visit as HTML
  Rendered text template (0.0ms)
Completed 200 OK in 0ms (Views: 0.2ms | ActiveRecord: 0.0ms)


Started GET "/b" for 10.155.4.242 at 2013-02-27 13:40:35 -0800
Processing by TestController#b_index as HTML
  Rendered test/b_index.erb within layouts/application (0.0ms)
Completed 200 OK in 3ms (Views: 2.6ms | ActiveRecord: 0.0ms)


Started GET "/assets/application.css?body=1" for 10.155.4.242 at 2013-02-27 13:40:35 -0800
Served asset /application.css - 200 OK (0ms)


Started GET "/assets/test.css?body=1" for 10.155.4.242 at 2013-02-27 13:40:35 -0800
Served asset /test.css - 200 OK (0ms)


Started GET "/asset.js" for 10.155.4.242 at 2013-02-27 13:40:35 -0800
Processing by TestController#asset as JS
Completed 200 OK in 0ms (Views: 0.0ms | ActiveRecord: 0.0ms)


Started GET "/asset.js" for 10.155.4.242 at 2013-02-27 13:40:35 -0800
Processing by TestController#asset as JS
Completed 200 OK in 0ms (Views: 0.0ms | ActiveRecord: 0.0ms)


Started GET "/assets/jquery.js?body=1" for 10.155.4.242 at 2013-02-27 13:40:35 -0800
Served asset /jquery.js - 200 OK (0ms)


Started GET "/assets/jquery_ujs.js?body=1" for 10.155.4.242 at 2013-02-27 13:40:35 -0800
Served asset /jquery_ujs.js - 200 OK (0ms)


Started GET "/assets/test.js?body=1" for 10.155.4.242 at 2013-02-27 13:40:35 -0800
Served asset /test.js - 200 OK (0ms)


Started GET "/assets/application.js?body=1" for 10.155.4.242 at 2013-02-27 13:40:35 -0800
Served asset /application.js - 200 OK (0ms)


Started GET "/visit" for 10.155.4.242 at 2013-02-27 13:40:46 -0800
Processing by TestController#visit as HTML
  Rendered text template (0.0ms)
Completed 200 OK in 0ms (Views: 0.2ms | ActiveRecord: 0.0ms)


Started GET "/happy-cookie" for 10.155.4.242 at 2013-02-27 13:49:14 -0800
Connecting to database specified by database.yml
Processing by TestController#happy_cookie as HTML
  Rendered text template (0.0ms)
Completed 200 OK in 7ms (Views: 6.3ms | ActiveRecord: 0.0ms)


Started GET "/b" for 10.155.4.242 at 2013-02-27 13:49:25 -0800
Processing by TestController#b_index as HTML
  Rendered test/b_index.erb within layouts/application (1.4ms)
Completed 200 OK in 27ms (Views: 26.8ms | ActiveRecord: 0.0ms)


Started GET "/assets/application.css?body=1" for 10.155.4.242 at 2013-02-27 13:49:25 -0800
Served asset /application.css - 200 OK (2ms)


Started GET "/asset.js" for 10.155.4.242 at 2013-02-27 13:49:25 -0800
Processing by TestController#asset as JS
Completed 200 OK in 0ms (Views: 0.1ms | ActiveRecord: 0.0ms)


Started GET "/assets/test.css?body=1" for 10.155.4.242 at 2013-02-27 13:49:25 -0800
Served asset /test.css - 200 OK (1ms)


Started GET "/asset.js" for 10.155.4.242 at 2013-02-27 13:49:25 -0800
Processing by TestController#asset as JS
Completed 200 OK in 0ms (Views: 0.0ms | ActiveRecord: 0.0ms)


Started GET "/assets/jquery_ujs.js?body=1" for 10.155.4.242 at 2013-02-27 13:49:25 -0800
Served asset /jquery_ujs.js - 200 OK (1ms)


Started GET "/assets/jquery.js?body=1" for 10.155.4.242 at 2013-02-27 13:49:25 -0800
Served asset /jquery.js - 200 OK (2ms)


Started GET "/assets/test.js?body=1" for 10.155.4.242 at 2013-02-27 13:49:25 -0800
Served asset /test.js - 200 OK (1ms)


Started GET "/assets/application.js?body=1" for 10.155.4.242 at 2013-02-27 13:49:25 -0800
Served asset /application.js - 200 OK (3ms)


Started GET "/visit" for 10.155.4.242 at 2013-02-27 13:49:37 -0800
Processing by TestController#visit as HTML
  Rendered text template (0.0ms)
Completed 200 OK in 1ms (Views: 0.3ms | ActiveRecord: 0.0ms)


Started GET "/happy-cookie" for 10.155.4.242 at 2013-02-27 13:51:46 -0800
Processing by TestController#happy_cookie as HTML
  Rendered text template (0.0ms)
Completed 200 OK in 0ms (Views: 0.2ms | ActiveRecord: 0.0ms)


Started GET "/b" for 10.155.4.242 at 2013-02-27 13:52:00 -0800
Processing by TestController#b_index as HTML
  Rendered test/b_index.erb within layouts/application (0.0ms)
Completed 200 OK in 3ms (Views: 3.3ms | ActiveRecord: 0.0ms)


Started GET "/assets/application.css?body=1" for 10.155.4.242 at 2013-02-27 13:52:00 -0800
Served asset /application.css - 200 OK (0ms)


Started GET "/asset.js" for 10.155.4.242 at 2013-02-27 13:52:00 -0800
Processing by TestController#asset as JS
Completed 200 OK in 0ms (Views: 0.1ms | ActiveRecord: 0.0ms)


Started GET "/assets/test.css?body=1" for 10.155.4.242 at 2013-02-27 13:52:00 -0800
Served asset /test.css - 200 OK (0ms)


Started GET "/asset.js" for 10.155.4.242 at 2013-02-27 13:52:00 -0800
Processing by TestController#asset as JS
Completed 200 OK in 0ms (Views: 0.1ms | ActiveRecord: 0.0ms)


Started GET "/assets/jquery.js?body=1" for 10.155.4.242 at 2013-02-27 13:52:00 -0800
Served asset /jquery.js - 200 OK (0ms)


Started GET "/assets/application.js?body=1" for 10.155.4.242 at 2013-02-27 13:52:00 -0800
Served asset /application.js - 200 OK (0ms)


Started GET "/assets/jquery_ujs.js?body=1" for 10.155.4.242 at 2013-02-27 13:52:00 -0800
Served asset /jquery_ujs.js - 200 OK (0ms)


Started GET "/assets/test.js?body=1" for 10.155.4.242 at 2013-02-27 13:52:00 -0800
Served asset /test.js - 200 OK (0ms)


Started GET "/visit" for 10.155.4.242 at 2013-02-27 13:52:13 -0800
Processing by TestController#visit as HTML
  Rendered text template (0.0ms)
Completed 200 OK in 0ms (Views: 0.3ms | ActiveRecord: 0.0ms)


Started GET "/third-parties" for 10.155.4.242 at 2013-02-27 14:02:22 -0800
Connecting to database specified by database.yml

SyntaxError (/Users/nspeed/workspace/third/app/controllers/test_controller.rb:11: syntax error, unexpected '-', expecting ';' or '\n'
  def third-parties
            ^
/Users/nspeed/workspace/third/app/controllers/test_controller.rb:19: syntax error, unexpected keyword_end, expecting $end):
  activesupport (3.2.12) lib/active_support/dependencies.rb:469:in `load'
  activesupport (3.2.12) lib/active_support/dependencies.rb:469:in `block in load_file'
  activesupport (3.2.12) lib/active_support/dependencies.rb:639:in `new_constants_in'
  activesupport (3.2.12) lib/active_support/dependencies.rb:468:in `load_file'
  activesupport (3.2.12) lib/active_support/dependencies.rb:353:in `require_or_load'
  activesupport (3.2.12) lib/active_support/dependencies.rb:502:in `load_missing_constant'
  activesupport (3.2.12) lib/active_support/dependencies.rb:192:in `block in const_missing'
  activesupport (3.2.12) lib/active_support/dependencies.rb:190:in `each'
  activesupport (3.2.12) lib/active_support/dependencies.rb:190:in `const_missing'
  activesupport (3.2.12) lib/active_support/inflector/methods.rb:230:in `block in constantize'
  activesupport (3.2.12) lib/active_support/inflector/methods.rb:229:in `each'
  activesupport (3.2.12) lib/active_support/inflector/methods.rb:229:in `constantize'
  activesupport (3.2.12) lib/active_support/dependencies.rb:554:in `get'
  actionpack (3.2.12) lib/action_dispatch/routing/route_set.rb:69:in `controller_reference'
  actionpack (3.2.12) lib/action_dispatch/routing/route_set.rb:54:in `controller'
  actionpack (3.2.12) lib/action_dispatch/routing/route_set.rb:32:in `call'
  journey (1.0.4) lib/journey/router.rb:68:in `block in call'
  journey (1.0.4) lib/journey/router.rb:56:in `each'
  journey (1.0.4) lib/journey/router.rb:56:in `call'
  actionpack (3.2.12) lib/action_dispatch/routing/route_set.rb:601:in `call'
  actionpack (3.2.12) lib/action_dispatch/middleware/best_standards_support.rb:17:in `call'
  rack (1.4.5) lib/rack/etag.rb:23:in `call'
  rack (1.4.5) lib/rack/conditionalget.rb:25:in `call'
  actionpack (3.2.12) lib/action_dispatch/middleware/head.rb:14:in `call'
  actionpack (3.2.12) lib/action_dispatch/middleware/params_parser.rb:21:in `call'
  actionpack (3.2.12) lib/action_dispatch/middleware/flash.rb:242:in `call'
  rack (1.4.5) lib/rack/session/abstract/id.rb:210:in `context'
  rack (1.4.5) lib/rack/session/abstract/id.rb:205:in `call'
  actionpack (3.2.12) lib/action_dispatch/middleware/cookies.rb:341:in `call'
  activerecord (3.2.12) lib/active_record/query_cache.rb:64:in `call'
  activerecord (3.2.12) lib/active_record/connection_adapters/abstract/connection_pool.rb:479:in `call'
  actionpack (3.2.12) lib/action_dispatch/middleware/callbacks.rb:28:in `block in call'
  activesupport (3.2.12) lib/active_support/callbacks.rb:405:in `_run__48730579626967714__call__4165725515070480490__callbacks'
  activesupport (3.2.12) lib/active_support/callbacks.rb:405:in `__run_callback'
  activesupport (3.2.12) lib/active_support/callbacks.rb:385:in `_run_call_callbacks'
  activesupport (3.2.12) lib/active_support/callbacks.rb:81:in `run_callbacks'
  actionpack (3.2.12) lib/action_dispatch/middleware/callbacks.rb:27:in `call'
  actionpack (3.2.12) lib/action_dispatch/middleware/reloader.rb:65:in `call'
  actionpack (3.2.12) lib/action_dispatch/middleware/remote_ip.rb:31:in `call'
  actionpack (3.2.12) lib/action_dispatch/middleware/debug_exceptions.rb:16:in `call'
  actionpack (3.2.12) lib/action_dispatch/middleware/show_exceptions.rb:56:in `call'
  railties (3.2.12) lib/rails/rack/logger.rb:32:in `call_app'
  railties (3.2.12) lib/rails/rack/logger.rb:16:in `block in call'
  activesupport (3.2.12) lib/active_support/tagged_logging.rb:22:in `tagged'
  railties (3.2.12) lib/rails/rack/logger.rb:16:in `call'
  actionpack (3.2.12) lib/action_dispatch/middleware/request_id.rb:22:in `call'
  rack (1.4.5) lib/rack/methodoverride.rb:21:in `call'
  rack (1.4.5) lib/rack/runtime.rb:17:in `call'
  activesupport (3.2.12) lib/active_support/cache/strategy/local_cache.rb:72:in `call'
  rack (1.4.5) lib/rack/lock.rb:15:in `call'
  actionpack (3.2.12) lib/action_dispatch/middleware/static.rb:62:in `call'
  railties (3.2.12) lib/rails/engine.rb:479:in `call'
  railties (3.2.12) lib/rails/application.rb:223:in `call'
  rack (1.4.5) lib/rack/content_length.rb:14:in `call'
  railties (3.2.12) lib/rails/rack/log_tailer.rb:17:in `call'
  rack (1.4.5) lib/rack/handler/webrick.rb:59:in `service'
  /Users/nspeed/.rvm/rubies/ruby-1.9.3-p194-falcon/lib/ruby/1.9.1/webrick/httpserver.rb:138:in `service'
  /Users/nspeed/.rvm/rubies/ruby-1.9.3-p194-falcon/lib/ruby/1.9.1/webrick/httpserver.rb:94:in `run'
  /Users/nspeed/.rvm/rubies/ruby-1.9.3-p194-falcon/lib/ruby/1.9.1/webrick/server.rb:191:in `block in start_thread'


  Rendered /Users/nspeed/.rvm/gems/ruby-1.9.3-p194-falcon@consumer/gems/actionpack-3.2.12/lib/action_dispatch/middleware/templates/rescues/_trace.erb (0.8ms)
  Rendered /Users/nspeed/.rvm/gems/ruby-1.9.3-p194-falcon@consumer/gems/actionpack-3.2.12/lib/action_dispatch/middleware/templates/rescues/_request_and_response.erb (1.4ms)
  Rendered /Users/nspeed/.rvm/gems/ruby-1.9.3-p194-falcon@consumer/gems/actionpack-3.2.12/lib/action_dispatch/middleware/templates/rescues/diagnostics.erb within rescues/layout (7.4ms)


Started GET "/third-parties" for 10.155.4.242 at 2013-02-27 14:04:24 -0800
Connecting to database specified by database.yml

AbstractController::ActionNotFound (The action 'third-parties' could not be found for TestController):
  actionpack (3.2.12) lib/abstract_controller/base.rb:116:in `process'
  actionpack (3.2.12) lib/abstract_controller/rendering.rb:45:in `process'
  actionpack (3.2.12) lib/action_controller/metal.rb:203:in `dispatch'
  actionpack (3.2.12) lib/action_controller/metal/rack_delegation.rb:14:in `dispatch'
  actionpack (3.2.12) lib/action_controller/metal.rb:246:in `block in action'
  actionpack (3.2.12) lib/action_dispatch/routing/route_set.rb:73:in `call'
  actionpack (3.2.12) lib/action_dispatch/routing/route_set.rb:73:in `dispatch'
  actionpack (3.2.12) lib/action_dispatch/routing/route_set.rb:36:in `call'
  journey (1.0.4) lib/journey/router.rb:68:in `block in call'
  journey (1.0.4) lib/journey/router.rb:56:in `each'
  journey (1.0.4) lib/journey/router.rb:56:in `call'
  actionpack (3.2.12) lib/action_dispatch/routing/route_set.rb:601:in `call'
  actionpack (3.2.12) lib/action_dispatch/middleware/best_standards_support.rb:17:in `call'
  rack (1.4.5) lib/rack/etag.rb:23:in `call'
  rack (1.4.5) lib/rack/conditionalget.rb:25:in `call'
  actionpack (3.2.12) lib/action_dispatch/middleware/head.rb:14:in `call'
  actionpack (3.2.12) lib/action_dispatch/middleware/params_parser.rb:21:in `call'
  actionpack (3.2.12) lib/action_dispatch/middleware/flash.rb:242:in `call'
  rack (1.4.5) lib/rack/session/abstract/id.rb:210:in `context'
  rack (1.4.5) lib/rack/session/abstract/id.rb:205:in `call'
  actionpack (3.2.12) lib/action_dispatch/middleware/cookies.rb:341:in `call'
  activerecord (3.2.12) lib/active_record/query_cache.rb:64:in `call'
  activerecord (3.2.12) lib/active_record/connection_adapters/abstract/connection_pool.rb:479:in `call'
  actionpack (3.2.12) lib/action_dispatch/middleware/callbacks.rb:28:in `block in call'
  activesupport (3.2.12) lib/active_support/callbacks.rb:405:in `_run__3319734352699237634__call__3256922003833131047__callbacks'
  activesupport (3.2.12) lib/active_support/callbacks.rb:405:in `__run_callback'
  activesupport (3.2.12) lib/active_support/callbacks.rb:385:in `_run_call_callbacks'
  activesupport (3.2.12) lib/active_support/callbacks.rb:81:in `run_callbacks'
  actionpack (3.2.12) lib/action_dispatch/middleware/callbacks.rb:27:in `call'
  actionpack (3.2.12) lib/action_dispatch/middleware/reloader.rb:65:in `call'
  actionpack (3.2.12) lib/action_dispatch/middleware/remote_ip.rb:31:in `call'
  actionpack (3.2.12) lib/action_dispatch/middleware/debug_exceptions.rb:16:in `call'
  actionpack (3.2.12) lib/action_dispatch/middleware/show_exceptions.rb:56:in `call'
  railties (3.2.12) lib/rails/rack/logger.rb:32:in `call_app'
  railties (3.2.12) lib/rails/rack/logger.rb:16:in `block in call'
  activesupport (3.2.12) lib/active_support/tagged_logging.rb:22:in `tagged'
  railties (3.2.12) lib/rails/rack/logger.rb:16:in `call'
  actionpack (3.2.12) lib/action_dispatch/middleware/request_id.rb:22:in `call'
  rack (1.4.5) lib/rack/methodoverride.rb:21:in `call'
  rack (1.4.5) lib/rack/runtime.rb:17:in `call'
  activesupport (3.2.12) lib/active_support/cache/strategy/local_cache.rb:72:in `call'
  rack (1.4.5) lib/rack/lock.rb:15:in `call'
  actionpack (3.2.12) lib/action_dispatch/middleware/static.rb:62:in `call'
  railties (3.2.12) lib/rails/engine.rb:479:in `call'
  railties (3.2.12) lib/rails/application.rb:223:in `call'
  rack (1.4.5) lib/rack/content_length.rb:14:in `call'
  railties (3.2.12) lib/rails/rack/log_tailer.rb:17:in `call'
  rack (1.4.5) lib/rack/handler/webrick.rb:59:in `service'
  /Users/nspeed/.rvm/rubies/ruby-1.9.3-p194-falcon/lib/ruby/1.9.1/webrick/httpserver.rb:138:in `service'
  /Users/nspeed/.rvm/rubies/ruby-1.9.3-p194-falcon/lib/ruby/1.9.1/webrick/httpserver.rb:94:in `run'
  /Users/nspeed/.rvm/rubies/ruby-1.9.3-p194-falcon/lib/ruby/1.9.1/webrick/server.rb:191:in `block in start_thread'


  Rendered /Users/nspeed/.rvm/gems/ruby-1.9.3-p194-falcon@consumer/gems/actionpack-3.2.12/lib/action_dispatch/middleware/templates/rescues/unknown_action.erb within rescues/layout (1.1ms)


Started GET "/third-parties" for 10.155.4.242 at 2013-02-27 14:05:40 -0800
Connecting to database specified by database.yml
Processing by TestController#third_parties as HTML
  Rendered test/third_parties.erb within layouts/application (1.1ms)
Completed 200 OK in 16ms (Views: 15.3ms | ActiveRecord: 0.0ms)


Started GET "/asset.js" for 10.155.4.242 at 2013-02-27 14:05:41 -0800
Processing by TestController#asset as JS
Completed 200 OK in 0ms (Views: 0.1ms | ActiveRecord: 0.0ms)


Started GET "/assets/application.css?body=1" for 10.155.4.242 at 2013-02-27 14:05:41 -0800
Served asset /application.css - 200 OK (2ms)


Started GET "/assets/test.css?body=1" for 10.155.4.242 at 2013-02-27 14:05:41 -0800
Served asset /test.css - 200 OK (1ms)


Started GET "/asset.js" for 10.155.4.242 at 2013-02-27 14:05:41 -0800
Processing by TestController#asset as JS
Completed 200 OK in 0ms (Views: 0.1ms | ActiveRecord: 0.0ms)


Started GET "/assets/jquery.js?body=1" for 10.155.4.242 at 2013-02-27 14:05:41 -0800
Served asset /jquery.js - 200 OK (2ms)


Started GET "/assets/jquery_ujs.js?body=1" for 10.155.4.242 at 2013-02-27 14:05:41 -0800
Served asset /jquery_ujs.js - 200 OK (3ms)


Started GET "/assets/test.js?body=1" for 10.155.4.242 at 2013-02-27 14:05:41 -0800
Served asset /test.js - 200 OK (0ms)


Started GET "/assets/application.js?body=1" for 10.155.4.242 at 2013-02-27 14:05:41 -0800
Served asset /application.js - 200 OK (3ms)


Started GET "/asset.js" for 10.155.4.242 at 2013-02-27 14:05:41 -0800
Processing by TestController#asset as JS
Completed 200 OK in 0ms (Views: 0.0ms | ActiveRecord: 0.0ms)


Started GET "/visit" for 10.155.4.242 at 2013-02-27 14:06:15 -0800

ActionController::RoutingError (No route matches [GET] "/visit"):
  actionpack (3.2.12) lib/action_dispatch/middleware/debug_exceptions.rb:21:in `call'
  actionpack (3.2.12) lib/action_dispatch/middleware/show_exceptions.rb:56:in `call'
  railties (3.2.12) lib/rails/rack/logger.rb:32:in `call_app'
  railties (3.2.12) lib/rails/rack/logger.rb:16:in `block in call'
  activesupport (3.2.12) lib/active_support/tagged_logging.rb:22:in `tagged'
  railties (3.2.12) lib/rails/rack/logger.rb:16:in `call'
  actionpack (3.2.12) lib/action_dispatch/middleware/request_id.rb:22:in `call'
  rack (1.4.5) lib/rack/methodoverride.rb:21:in `call'
  rack (1.4.5) lib/rack/runtime.rb:17:in `call'
  activesupport (3.2.12) lib/active_support/cache/strategy/local_cache.rb:72:in `call'
  rack (1.4.5) lib/rack/lock.rb:15:in `call'
  actionpack (3.2.12) lib/action_dispatch/middleware/static.rb:62:in `call'
  railties (3.2.12) lib/rails/engine.rb:479:in `call'
  railties (3.2.12) lib/rails/application.rb:223:in `call'
  rack (1.4.5) lib/rack/content_length.rb:14:in `call'
  railties (3.2.12) lib/rails/rack/log_tailer.rb:17:in `call'
  rack (1.4.5) lib/rack/handler/webrick.rb:59:in `service'
  /Users/nspeed/.rvm/rubies/ruby-1.9.3-p194-falcon/lib/ruby/1.9.1/webrick/httpserver.rb:138:in `service'
  /Users/nspeed/.rvm/rubies/ruby-1.9.3-p194-falcon/lib/ruby/1.9.1/webrick/httpserver.rb:94:in `run'
  /Users/nspeed/.rvm/rubies/ruby-1.9.3-p194-falcon/lib/ruby/1.9.1/webrick/server.rb:191:in `block in start_thread'


  Rendered /Users/nspeed/.rvm/gems/ruby-1.9.3-p194-falcon@consumer/gems/actionpack-3.2.12/lib/action_dispatch/middleware/templates/rescues/routing_error.erb within rescues/layout (0.4ms)


Started GET "/assets/rails.png" for 10.155.4.242 at 2013-02-27 14:06:21 -0800
Served asset /rails.png - 200 OK (1ms)


Started GET "/assets/rails.png" for 10.155.4.242 at 2013-02-27 14:06:37 -0800
Served asset /rails.png - 200 OK (0ms)


Started GET "/" for 10.155.4.242 at 2013-02-27 14:08:24 -0800
Connecting to database specified by database.yml
Processing by TestController#index as HTML
  Rendered text template (0.0ms)
Completed 200 OK in 5ms (Views: 4.6ms | ActiveRecord: 0.0ms)


Started GET "/" for 10.155.4.242 at 2013-02-27 14:08:30 -0800
Processing by TestController#index as HTML
  Rendered text template (0.0ms)
Completed 200 OK in 0ms (Views: 0.3ms | ActiveRecord: 0.0ms)


Started GET "/third-parties" for 10.155.4.242 at 2013-02-27 14:09:20 -0800
Processing by TestController#third_parties as HTML
  Rendered test/third_parties.erb within layouts/application (1.3ms)
Completed 200 OK in 13ms (Views: 12.2ms | ActiveRecord: 0.0ms)


Started GET "/assets/application.css?body=1" for 10.155.4.242 at 2013-02-27 14:09:21 -0800
Served asset /application.css - 200 OK (2ms)


Started GET "/asset.js" for 10.155.4.242 at 2013-02-27 14:09:21 -0800
Processing by TestController#asset as JS
Completed 200 OK in 0ms (Views: 0.1ms | ActiveRecord: 0.0ms)


Started GET "/asset.js" for 10.155.4.242 at 2013-02-27 14:09:21 -0800
Processing by TestController#asset as JS
Completed 200 OK in 0ms (Views: 0.0ms | ActiveRecord: 0.0ms)


Started GET "/assets/test.css?body=1" for 10.155.4.242 at 2013-02-27 14:09:21 -0800
Served asset /test.css - 200 OK (1ms)


Started GET "/assets/jquery_ujs.js?body=1" for 10.155.4.242 at 2013-02-27 14:09:21 -0800
Served asset /jquery_ujs.js - 200 OK (1ms)


Started GET "/assets/jquery.js?body=1" for 10.155.4.242 at 2013-02-27 14:09:21 -0800
Served asset /jquery.js - 200 OK (2ms)


Started GET "/assets/application.js?body=1" for 10.155.4.242 at 2013-02-27 14:09:21 -0800
Served asset /application.js - 200 OK (4ms)


Started GET "/assets/test.js?body=1" for 10.155.4.242 at 2013-02-27 14:09:21 -0800
Served asset /test.js - 200 OK (15ms)


Started GET "/asset.js" for 10.155.4.242 at 2013-02-27 14:09:21 -0800
Processing by TestController#asset as JS
Completed 200 OK in 0ms (Views: 0.1ms | ActiveRecord: 0.0ms)


Started GET "/third-parties" for 10.155.4.242 at 2013-02-27 14:10:28 -0800
Connecting to database specified by database.yml
Processing by TestController#third_parties as HTML
  Rendered test/third_parties.erb within layouts/application (1.4ms)
Completed 200 OK in 18ms (Views: 18.1ms | ActiveRecord: 0.0ms)


Started GET "/assets/application.css?body=1" for 10.155.4.242 at 2013-02-27 14:10:28 -0800
Served asset /application.css - 200 OK (2ms)


Started GET "/assets/test.css?body=1" for 10.155.4.242 at 2013-02-27 14:10:28 -0800
Served asset /test.css - 200 OK (1ms)


Started GET "/assets/jquery_ujs.js?body=1" for 10.155.4.242 at 2013-02-27 14:10:28 -0800
Served asset /jquery_ujs.js - 200 OK (17ms)


Started GET "/assets/jquery.js?body=1" for 10.155.4.242 at 2013-02-27 14:10:28 -0800
Served asset /jquery.js - 200 OK (1ms)


Started GET "/asset.js" for 10.155.4.242 at 2013-02-27 14:10:28 -0800
Processing by TestController#asset as JS
Completed 200 OK in 0ms (Views: 0.1ms | ActiveRecord: 0.0ms)


Started GET "/assets/application.js?body=1" for 10.155.4.242 at 2013-02-27 14:10:28 -0800
Served asset /application.js - 200 OK (3ms)


Started GET "/assets/test.js?body=1" for 10.155.4.242 at 2013-02-27 14:10:28 -0800
Served asset /test.js - 200 OK (1ms)


Started GET "/asset.js" for 10.155.4.242 at 2013-02-27 14:10:28 -0800
Processing by TestController#asset as JS
Completed 200 OK in 0ms (Views: 0.1ms | ActiveRecord: 0.0ms)


Started GET "/asset.js" for 10.155.4.242 at 2013-02-27 14:10:28 -0800
Processing by TestController#asset as JS
Completed 200 OK in 0ms (Views: 0.0ms | ActiveRecord: 0.0ms)


Started GET "/" for 10.155.4.242 at 2013-02-27 14:10:47 -0800
Processing by TestController#index as HTML
  Rendered text template (0.0ms)
Completed 200 OK in 2ms (Views: 1.3ms | ActiveRecord: 0.0ms)


Started GET "/happy-cookie" for 10.155.4.242 at 2013-02-27 14:40:50 -0800
Processing by TestController#happy_cookie as HTML
  Rendered text template (0.0ms)
Completed 200 OK in 1ms (Views: 0.3ms | ActiveRecord: 0.0ms)


Started GET "/third-parties" for 10.155.4.242 at 2013-02-27 14:41:01 -0800
Processing by TestController#third_parties as HTML
  Rendered test/third_parties.erb within layouts/application (0.0ms)
Completed 200 OK in 3ms (Views: 2.8ms | ActiveRecord: 0.0ms)


Started GET "/assets/application.css?body=1" for 10.155.4.242 at 2013-02-27 14:41:01 -0800
Served asset /application.css - 200 OK (0ms)


Started GET "/asset.js" for 10.155.4.242 at 2013-02-27 14:41:01 -0800
Processing by TestController#asset as JS
Completed 200 OK in 0ms (Views: 0.1ms | ActiveRecord: 0.0ms)


Started GET "/assets/test.css?body=1" for 10.155.4.242 at 2013-02-27 14:41:01 -0800
Served asset /test.css - 200 OK (0ms)


Started GET "/asset.js" for 10.155.4.242 at 2013-02-27 14:41:01 -0800
Processing by TestController#asset as JS
Completed 200 OK in 0ms (Views: 0.0ms | ActiveRecord: 0.0ms)


Started GET "/assets/jquery.js?body=1" for 10.155.4.242 at 2013-02-27 14:41:01 -0800
Served asset /jquery.js - 200 OK (0ms)


Started GET "/assets/jquery_ujs.js?body=1" for 10.155.4.242 at 2013-02-27 14:41:01 -0800
Served asset /jquery_ujs.js - 200 OK (0ms)


Started GET "/assets/application.js?body=1" for 10.155.4.242 at 2013-02-27 14:41:01 -0800
Served asset /application.js - 200 OK (0ms)


Started GET "/assets/test.js?body=1" for 10.155.4.242 at 2013-02-27 14:41:01 -0800
Served asset /test.js - 200 OK (0ms)


Started GET "/asset.js" for 10.155.4.242 at 2013-02-27 14:41:01 -0800
Processing by TestController#asset as JS
Completed 200 OK in 0ms (Views: 0.0ms | ActiveRecord: 0.0ms)


Started GET "/" for 10.155.4.242 at 2013-02-27 14:41:15 -0800
Processing by TestController#index as HTML
  Rendered text template (0.0ms)
Completed 200 OK in 0ms (Views: 0.3ms | ActiveRecord: 0.0ms)


Started GET "/" for 10.155.4.242 at 2013-02-27 14:41:35 -0800
Processing by TestController#index as HTML
  Rendered text template (0.0ms)
Completed 200 OK in 0ms (Views: 0.3ms | ActiveRecord: 0.0ms)


Started GET "/" for 10.155.4.242 at 2013-02-27 14:41:44 -0800
Processing by TestController#index as HTML
  Rendered text template (0.0ms)
Completed 200 OK in 0ms (Views: 0.2ms | ActiveRecord: 0.0ms)


Started GET "/visit" for 10.155.4.242 at 2013-02-27 14:58:18 -0800

ActionController::RoutingError (No route matches [GET] "/visit"):
  actionpack (3.2.12) lib/action_dispatch/middleware/debug_exceptions.rb:21:in `call'
  actionpack (3.2.12) lib/action_dispatch/middleware/show_exceptions.rb:56:in `call'
  railties (3.2.12) lib/rails/rack/logger.rb:32:in `call_app'
  railties (3.2.12) lib/rails/rack/logger.rb:16:in `block in call'
  activesupport (3.2.12) lib/active_support/tagged_logging.rb:22:in `tagged'
  railties (3.2.12) lib/rails/rack/logger.rb:16:in `call'
  actionpack (3.2.12) lib/action_dispatch/middleware/request_id.rb:22:in `call'
  rack (1.4.5) lib/rack/methodoverride.rb:21:in `call'
  rack (1.4.5) lib/rack/runtime.rb:17:in `call'
  activesupport (3.2.12) lib/active_support/cache/strategy/local_cache.rb:72:in `call'
  rack (1.4.5) lib/rack/lock.rb:15:in `call'
  actionpack (3.2.12) lib/action_dispatch/middleware/static.rb:62:in `call'
  railties (3.2.12) lib/rails/engine.rb:479:in `call'
  railties (3.2.12) lib/rails/application.rb:223:in `call'
  rack (1.4.5) lib/rack/content_length.rb:14:in `call'
  railties (3.2.12) lib/rails/rack/log_tailer.rb:17:in `call'
  rack (1.4.5) lib/rack/handler/webrick.rb:59:in `service'
  /Users/nspeed/.rvm/rubies/ruby-1.9.3-p194-falcon/lib/ruby/1.9.1/webrick/httpserver.rb:138:in `service'
  /Users/nspeed/.rvm/rubies/ruby-1.9.3-p194-falcon/lib/ruby/1.9.1/webrick/httpserver.rb:94:in `run'
  /Users/nspeed/.rvm/rubies/ruby-1.9.3-p194-falcon/lib/ruby/1.9.1/webrick/server.rb:191:in `block in start_thread'


  Rendered /Users/nspeed/.rvm/gems/ruby-1.9.3-p194-falcon@consumer/gems/actionpack-3.2.12/lib/action_dispatch/middleware/templates/rescues/routing_error.erb within rescues/layout (0.5ms)


Started GET "/rdr?target=http://c.com/third-parties" for 10.155.4.242 at 2013-02-28 11:59:45 -0800
Connecting to database specified by database.yml
Processing by TestController#redirect as HTML
  Parameters: {"target"=>"http://c.com/third-parties"}
Redirected to http://c.com:5000/third-parties
Completed 302 Found in 0ms (ActiveRecord: 0.0ms)


Started GET "/third-parties" for 10.155.4.242 at 2013-02-28 11:59:46 -0800
Processing by TestController#third_parties as HTML
  Rendered test/third_parties.erb within layouts/application (1.6ms)
Completed 200 OK in 34ms (Views: 34.0ms | ActiveRecord: 0.0ms)


Started GET "/assets/application.css?body=1" for 10.155.4.242 at 2013-02-28 11:59:46 -0800
Served asset /application.css - 200 OK (16ms)


Started GET "/asset.js" for 10.155.4.242 at 2013-02-28 11:59:46 -0800
Processing by TestController#asset as JS
Completed 200 OK in 0ms (Views: 0.1ms | ActiveRecord: 0.0ms)


Started GET "/assets/test.css?body=1" for 10.155.4.242 at 2013-02-28 11:59:46 -0800
Served asset /test.css - 200 OK (1ms)


Started GET "/asset.js" for 10.155.4.242 at 2013-02-28 11:59:46 -0800
Processing by TestController#asset as JS
Completed 200 OK in 0ms (Views: 0.0ms | ActiveRecord: 0.0ms)


Started GET "/assets/jquery.js?body=1" for 10.155.4.242 at 2013-02-28 11:59:46 -0800
Served asset /jquery.js - 200 OK (1ms)


Started GET "/assets/jquery_ujs.js?body=1" for 10.155.4.242 at 2013-02-28 11:59:46 -0800
Served asset /jquery_ujs.js - 200 OK (1ms)


Started GET "/asset.js" for 10.155.4.242 at 2013-02-28 11:59:46 -0800
Processing by TestController#asset as JS
Completed 200 OK in 0ms (Views: 0.0ms | ActiveRecord: 0.0ms)


Started GET "/assets/application.js?body=1" for 10.155.4.242 at 2013-02-28 11:59:46 -0800
Served asset /application.js - 200 OK (19ms)


Started GET "/assets/test.js?body=1" for 10.155.4.242 at 2013-02-28 11:59:46 -0800
Served asset /test.js - 200 OK (1ms)


Started GET "/rdr?target=http://c.com/third-parties" for 10.155.4.242 at 2013-02-28 12:01:12 -0800
Processing by TestController#redirect as HTML
  Parameters: {"target"=>"http://c.com/third-parties"}
Redirected to http://c.com:5000/third-parties
Completed 302 Found in 0ms (ActiveRecord: 0.0ms)


Started GET "/third-parties" for 10.155.4.242 at 2013-02-28 12:01:12 -0800
Processing by TestController#third_parties as HTML
  Rendered test/third_parties.erb within layouts/application (0.1ms)
Completed 200 OK in 3ms (Views: 3.1ms | ActiveRecord: 0.0ms)


Started GET "/assets/application.css?body=1" for 10.155.4.242 at 2013-02-28 12:01:12 -0800
Served asset /application.css - 200 OK (0ms)


Started GET "/asset.js" for 10.155.4.242 at 2013-02-28 12:01:12 -0800
Processing by TestController#asset as JS
Completed 200 OK in 0ms (Views: 0.1ms | ActiveRecord: 0.0ms)


Started GET "/assets/test.css?body=1" for 10.155.4.242 at 2013-02-28 12:01:12 -0800
Served asset /test.css - 200 OK (0ms)


Started GET "/asset.js" for 10.155.4.242 at 2013-02-28 12:01:12 -0800
Processing by TestController#asset as JS
Completed 200 OK in 0ms (Views: 0.0ms | ActiveRecord: 0.0ms)


Started GET "/assets/jquery.js?body=1" for 10.155.4.242 at 2013-02-28 12:01:12 -0800
Served asset /jquery.js - 200 OK (0ms)


Started GET "/assets/jquery_ujs.js?body=1" for 10.155.4.242 at 2013-02-28 12:01:12 -0800
Served asset /jquery_ujs.js - 200 OK (0ms)


Started GET "/assets/application.js?body=1" for 10.155.4.242 at 2013-02-28 12:01:12 -0800
Served asset /application.js - 200 OK (0ms)


Started GET "/assets/test.js?body=1" for 10.155.4.242 at 2013-02-28 12:01:13 -0800
Served asset /test.js - 200 OK (0ms)


Started GET "/asset.js" for 10.155.4.242 at 2013-02-28 12:01:13 -0800
Processing by TestController#asset as JS
Completed 200 OK in 0ms (Views: 0.0ms | ActiveRecord: 0.0ms)


Started GET "/visit" for 10.155.4.242 at 2013-02-28 12:02:30 -0800

ActionController::RoutingError (No route matches [GET] "/visit"):
  actionpack (3.2.12) lib/action_dispatch/middleware/debug_exceptions.rb:21:in `call'
  actionpack (3.2.12) lib/action_dispatch/middleware/show_exceptions.rb:56:in `call'
  railties (3.2.12) lib/rails/rack/logger.rb:32:in `call_app'
  railties (3.2.12) lib/rails/rack/logger.rb:16:in `block in call'
  activesupport (3.2.12) lib/active_support/tagged_logging.rb:22:in `tagged'
  railties (3.2.12) lib/rails/rack/logger.rb:16:in `call'
  actionpack (3.2.12) lib/action_dispatch/middleware/request_id.rb:22:in `call'
  rack (1.4.5) lib/rack/methodoverride.rb:21:in `call'
  rack (1.4.5) lib/rack/runtime.rb:17:in `call'
  activesupport (3.2.12) lib/active_support/cache/strategy/local_cache.rb:72:in `call'
  rack (1.4.5) lib/rack/lock.rb:15:in `call'
  actionpack (3.2.12) lib/action_dispatch/middleware/static.rb:62:in `call'
  railties (3.2.12) lib/rails/engine.rb:479:in `call'
  railties (3.2.12) lib/rails/application.rb:223:in `call'
  rack (1.4.5) lib/rack/content_length.rb:14:in `call'
  railties (3.2.12) lib/rails/rack/log_tailer.rb:17:in `call'
  rack (1.4.5) lib/rack/handler/webrick.rb:59:in `service'
  /Users/nspeed/.rvm/rubies/ruby-1.9.3-p194-falcon/lib/ruby/1.9.1/webrick/httpserver.rb:138:in `service'
  /Users/nspeed/.rvm/rubies/ruby-1.9.3-p194-falcon/lib/ruby/1.9.1/webrick/httpserver.rb:94:in `run'
  /Users/nspeed/.rvm/rubies/ruby-1.9.3-p194-falcon/lib/ruby/1.9.1/webrick/server.rb:191:in `block in start_thread'


  Rendered /Users/nspeed/.rvm/gems/ruby-1.9.3-p194-falcon@consumer/gems/actionpack-3.2.12/lib/action_dispatch/middleware/templates/rescues/routing_error.erb within rescues/layout (0.6ms)


Started GET "/" for 10.155.4.242 at 2013-02-28 12:02:41 -0800
Processing by TestController#index as HTML
  Rendered text template (0.0ms)
Completed 200 OK in 4ms (Views: 3.5ms | ActiveRecord: 0.0ms)


Started GET "/" for 10.155.4.242 at 2013-02-28 12:03:05 -0800
Processing by TestController#index as HTML
  Rendered text template (0.0ms)
Completed 200 OK in 0ms (Views: 0.3ms | ActiveRecord: 0.0ms)


Started GET "/open?target=http://c.com/third-parties" for 10.155.4.242 at 2013-02-28 12:20:03 -0800
Connecting to database specified by database.yml
Processing by TestController#open as HTML
  Parameters: {"target"=>"http://c.com/third-parties"}
  Rendered test/open.erb within layouts/application (1.1ms)
Completed 500 Internal Server Error in 37ms

ActionView::Template::Error (undefined method `[]' for nil:NilClass):
    4:   <title>Third</title>
    5:   <%= stylesheet_link_tag    "application", :media => "all" %>
    6:   <%= javascript_include_tag "application" %>
    7:   <%= csrf_meta_tags %>
    8: </head>
    9: <body>
    10: 
  app/views/layouts/application.html.erb:7:in `_app_views_layouts_application_html_erb___577241643471550905_70248142669500'


  Rendered /Users/nspeed/.rvm/gems/ruby-1.9.3-p194-falcon@consumer/gems/actionpack-3.2.12/lib/action_dispatch/middleware/templates/rescues/_trace.erb (1.0ms)
  Rendered /Users/nspeed/.rvm/gems/ruby-1.9.3-p194-falcon@consumer/gems/actionpack-3.2.12/lib/action_dispatch/middleware/templates/rescues/_request_and_response.erb (0.7ms)
  Rendered /Users/nspeed/.rvm/gems/ruby-1.9.3-p194-falcon@consumer/gems/actionpack-3.2.12/lib/action_dispatch/middleware/templates/rescues/template_error.erb within rescues/layout (7.8ms)


Started GET "/open?target=http://c.com/third-parties" for 10.155.4.242 at 2013-02-28 12:20:59 -0800
Connecting to database specified by database.yml
Processing by TestController#open_window as HTML
  Parameters: {"target"=>"http://c.com/third-parties"}
Completed 500 Internal Server Error in 6ms

ActionView::MissingTemplate (Missing template test/open_window, application/open_window with {:locale=>[:en], :formats=>[:html], :handlers=>[:erb, :builder, :coffee]}. Searched in:
  * "/Users/nspeed/workspace/third/app/views"
):
  actionpack (3.2.12) lib/action_view/path_set.rb:58:in `find'
  actionpack (3.2.12) lib/action_view/lookup_context.rb:109:in `find'
  actionpack (3.2.12) lib/action_view/renderer/abstract_renderer.rb:3:in `find_template'
  actionpack (3.2.12) lib/action_view/renderer/template_renderer.rb:34:in `determine_template'
  actionpack (3.2.12) lib/action_view/renderer/template_renderer.rb:10:in `render'
  actionpack (3.2.12) lib/action_view/renderer/renderer.rb:36:in `render_template'
  actionpack (3.2.12) lib/action_view/renderer/renderer.rb:17:in `render'
  actionpack (3.2.12) lib/abstract_controller/rendering.rb:110:in `_render_template'
  actionpack (3.2.12) lib/action_controller/metal/streaming.rb:225:in `_render_template'
  actionpack (3.2.12) lib/abstract_controller/rendering.rb:103:in `render_to_body'
  actionpack (3.2.12) lib/action_controller/metal/renderers.rb:28:in `render_to_body'
  actionpack (3.2.12) lib/action_controller/metal/compatibility.rb:50:in `render_to_body'
  actionpack (3.2.12) lib/abstract_controller/rendering.rb:88:in `render'
  actionpack (3.2.12) lib/action_controller/metal/rendering.rb:16:in `render'
  actionpack (3.2.12) lib/action_controller/metal/instrumentation.rb:40:in `block (2 levels) in render'
  activesupport (3.2.12) lib/active_support/core_ext/benchmark.rb:5:in `block in ms'
  /Users/nspeed/.rvm/rubies/ruby-1.9.3-p194-falcon/lib/ruby/1.9.1/benchmark.rb:295:in `realtime'
  activesupport (3.2.12) lib/active_support/core_ext/benchmark.rb:5:in `ms'
  actionpack (3.2.12) lib/action_controller/metal/instrumentation.rb:40:in `block in render'
  actionpack (3.2.12) lib/action_controller/metal/instrumentation.rb:83:in `cleanup_view_runtime'
  activerecord (3.2.12) lib/active_record/railties/controller_runtime.rb:24:in `cleanup_view_runtime'
  actionpack (3.2.12) lib/action_controller/metal/instrumentation.rb:39:in `render'
  actionpack (3.2.12) lib/action_controller/metal/implicit_render.rb:10:in `default_render'
  actionpack (3.2.12) lib/action_controller/metal/implicit_render.rb:5:in `send_action'
  actionpack (3.2.12) lib/abstract_controller/base.rb:167:in `process_action'
  actionpack (3.2.12) lib/action_controller/metal/rendering.rb:10:in `process_action'
  actionpack (3.2.12) lib/abstract_controller/callbacks.rb:18:in `block in process_action'
  activesupport (3.2.12) lib/active_support/callbacks.rb:425:in `_run__3964416153349221408__process_action__1871063110493509024__callbacks'
  activesupport (3.2.12) lib/active_support/callbacks.rb:405:in `__run_callback'
  activesupport (3.2.12) lib/active_support/callbacks.rb:385:in `_run_process_action_callbacks'
  activesupport (3.2.12) lib/active_support/callbacks.rb:81:in `run_callbacks'
  actionpack (3.2.12) lib/abstract_controller/callbacks.rb:17:in `process_action'
  actionpack (3.2.12) lib/action_controller/metal/rescue.rb:29:in `process_action'
  actionpack (3.2.12) lib/action_controller/metal/instrumentation.rb:30:in `block in process_action'
  activesupport (3.2.12) lib/active_support/notifications.rb:123:in `block in instrument'
  activesupport (3.2.12) lib/active_support/notifications/instrumenter.rb:20:in `instrument'
  activesupport (3.2.12) lib/active_support/notifications.rb:123:in `instrument'
  actionpack (3.2.12) lib/action_controller/metal/instrumentation.rb:29:in `process_action'
  actionpack (3.2.12) lib/action_controller/metal/params_wrapper.rb:207:in `process_action'
  activerecord (3.2.12) lib/active_record/railties/controller_runtime.rb:18:in `process_action'
  actionpack (3.2.12) lib/abstract_controller/base.rb:121:in `process'
  actionpack (3.2.12) lib/abstract_controller/rendering.rb:45:in `process'
  vendor/plugins/session_off/lib/session_off.rb:170:in `process_with_session_off'
  actionpack (3.2.12) lib/action_controller/metal.rb:203:in `dispatch'
  actionpack (3.2.12) lib/action_controller/metal/rack_delegation.rb:14:in `dispatch'
  actionpack (3.2.12) lib/action_controller/metal.rb:246:in `block in action'
  actionpack (3.2.12) lib/action_dispatch/routing/route_set.rb:73:in `call'
  actionpack (3.2.12) lib/action_dispatch/routing/route_set.rb:73:in `dispatch'
  actionpack (3.2.12) lib/action_dispatch/routing/route_set.rb:36:in `call'
  journey (1.0.4) lib/journey/router.rb:68:in `block in call'
  journey (1.0.4) lib/journey/router.rb:56:in `each'
  journey (1.0.4) lib/journey/router.rb:56:in `call'
  actionpack (3.2.12) lib/action_dispatch/routing/route_set.rb:601:in `call'
  actionpack (3.2.12) lib/action_dispatch/middleware/best_standards_support.rb:17:in `call'
  rack (1.4.5) lib/rack/etag.rb:23:in `call'
  rack (1.4.5) lib/rack/conditionalget.rb:25:in `call'
  actionpack (3.2.12) lib/action_dispatch/middleware/head.rb:14:in `call'
  actionpack (3.2.12) lib/action_dispatch/middleware/params_parser.rb:21:in `call'
  actionpack (3.2.12) lib/action_dispatch/middleware/flash.rb:242:in `call'
  rack (1.4.5) lib/rack/session/abstract/id.rb:210:in `context'
  rack (1.4.5) lib/rack/session/abstract/id.rb:205:in `call'
  actionpack (3.2.12) lib/action_dispatch/middleware/cookies.rb:341:in `call'
  activerecord (3.2.12) lib/active_record/query_cache.rb:64:in `call'
  activerecord (3.2.12) lib/active_record/connection_adapters/abstract/connection_pool.rb:479:in `call'
  actionpack (3.2.12) lib/action_dispatch/middleware/callbacks.rb:28:in `block in call'
  activesupport (3.2.12) lib/active_support/callbacks.rb:405:in `_run__2819485232478593999__call__976887725333712278__callbacks'
  activesupport (3.2.12) lib/active_support/callbacks.rb:405:in `__run_callback'
  activesupport (3.2.12) lib/active_support/callbacks.rb:385:in `_run_call_callbacks'
  activesupport (3.2.12) lib/active_support/callbacks.rb:81:in `run_callbacks'
  actionpack (3.2.12) lib/action_dispatch/middleware/callbacks.rb:27:in `call'
  actionpack (3.2.12) lib/action_dispatch/middleware/reloader.rb:65:in `call'
  actionpack (3.2.12) lib/action_dispatch/middleware/remote_ip.rb:31:in `call'
  actionpack (3.2.12) lib/action_dispatch/middleware/debug_exceptions.rb:16:in `call'
  actionpack (3.2.12) lib/action_dispatch/middleware/show_exceptions.rb:56:in `call'
  railties (3.2.12) lib/rails/rack/logger.rb:32:in `call_app'
  railties (3.2.12) lib/rails/rack/logger.rb:16:in `block in call'
  activesupport (3.2.12) lib/active_support/tagged_logging.rb:22:in `tagged'
  railties (3.2.12) lib/rails/rack/logger.rb:16:in `call'
  actionpack (3.2.12) lib/action_dispatch/middleware/request_id.rb:22:in `call'
  rack (1.4.5) lib/rack/methodoverride.rb:21:in `call'
  rack (1.4.5) lib/rack/runtime.rb:17:in `call'
  activesupport (3.2.12) lib/active_support/cache/strategy/local_cache.rb:72:in `call'
  rack (1.4.5) lib/rack/lock.rb:15:in `call'
  actionpack (3.2.12) lib/action_dispatch/middleware/static.rb:62:in `call'
  railties (3.2.12) lib/rails/engine.rb:479:in `call'
  railties (3.2.12) lib/rails/application.rb:223:in `call'
  rack (1.4.5) lib/rack/content_length.rb:14:in `call'
  railties (3.2.12) lib/rails/rack/log_tailer.rb:17:in `call'
  rack (1.4.5) lib/rack/handler/webrick.rb:59:in `service'
  /Users/nspeed/.rvm/rubies/ruby-1.9.3-p194-falcon/lib/ruby/1.9.1/webrick/httpserver.rb:138:in `service'
  /Users/nspeed/.rvm/rubies/ruby-1.9.3-p194-falcon/lib/ruby/1.9.1/webrick/httpserver.rb:94:in `run'
  /Users/nspeed/.rvm/rubies/ruby-1.9.3-p194-falcon/lib/ruby/1.9.1/webrick/server.rb:191:in `block in start_thread'


  Rendered /Users/nspeed/.rvm/gems/ruby-1.9.3-p194-falcon@consumer/gems/actionpack-3.2.12/lib/action_dispatch/middleware/templates/rescues/missing_template.erb within rescues/layout (2.0ms)


Started GET "/open?target=http://c.com/third-parties" for 10.155.4.242 at 2013-02-28 12:21:44 -0800
Connecting to database specified by database.yml
Processing by TestController#open_window as HTML
  Parameters: {"target"=>"http://c.com/third-parties"}
  Rendered test/open_window.erb within layouts/application (1.1ms)
Completed 500 Internal Server Error in 32ms

ActionView::Template::Error (undefined method `[]' for nil:NilClass):
    4:   <title>Third</title>
    5:   <%= stylesheet_link_tag    "application", :media => "all" %>
    6:   <%= javascript_include_tag "application" %>
    7:   <%= csrf_meta_tags %>
    8: </head>
    9: <body>
    10: 
  app/views/layouts/application.html.erb:7:in `_app_views_layouts_application_html_erb___4239037479425791321_70326831883000'


  Rendered /Users/nspeed/.rvm/gems/ruby-1.9.3-p194-falcon@consumer/gems/actionpack-3.2.12/lib/action_dispatch/middleware/templates/rescues/_trace.erb (0.9ms)
  Rendered /Users/nspeed/.rvm/gems/ruby-1.9.3-p194-falcon@consumer/gems/actionpack-3.2.12/lib/action_dispatch/middleware/templates/rescues/_request_and_response.erb (0.7ms)
  Rendered /Users/nspeed/.rvm/gems/ruby-1.9.3-p194-falcon@consumer/gems/actionpack-3.2.12/lib/action_dispatch/middleware/templates/rescues/template_error.erb within rescues/layout (6.1ms)


Started GET "/open?target=http://c.com/third-parties" for 10.155.4.242 at 2013-02-28 12:23:31 -0800
Connecting to database specified by database.yml
Processing by TestController#open_window as HTML
  Parameters: {"target"=>"http://c.com/third-parties"}
  Rendered test/open_window.erb within layouts/application (1.1ms)
Completed 200 OK in 17ms (Views: 16.4ms | ActiveRecord: 0.0ms)


Started GET "/assets/application.css?body=1" for 10.155.4.242 at 2013-02-28 12:23:31 -0800
Served asset /application.css - 200 OK (1ms)


Started GET "/assets/test.css?body=1" for 10.155.4.242 at 2013-02-28 12:23:31 -0800
Served asset /test.css - 200 OK (1ms)


Started GET "/assets/jquery_ujs.js?body=1" for 10.155.4.242 at 2013-02-28 12:23:31 -0800
Served asset /jquery_ujs.js - 200 OK (2ms)


Started GET "/assets/jquery.js?body=1" for 10.155.4.242 at 2013-02-28 12:23:31 -0800
Served asset /jquery.js - 200 OK (1ms)


Started GET "/assets/test.js?body=1" for 10.155.4.242 at 2013-02-28 12:23:31 -0800
Served asset /test.js - 200 OK (1ms)


Started GET "/assets/application.js?body=1" for 10.155.4.242 at 2013-02-28 12:23:31 -0800
Served asset /application.js - 200 OK (3ms)


Started GET "/open?target=http://c.com/third-parties" for 10.155.4.242 at 2013-02-28 12:24:07 -0800
Processing by TestController#open_window as HTML
  Parameters: {"target"=>"http://c.com/third-parties"}
  Rendered test/open_window.erb within layouts/application (0.1ms)
Completed 200 OK in 4ms (Views: 3.4ms | ActiveRecord: 0.0ms)
